#
# A fatal error has been detected by the Java Runtime Environment:
#
#  EXCEPTION_ACCESS_VIOLATION (0xc0000005) at pc=0x000007fee7dd0f40, pid=9504, tid=6492
#
# JRE version: OpenJDK Runtime Environment (14.0.2+12) (build 14.0.2+12-46)
# Java VM: OpenJDK 64-Bit Server VM (14.0.2+12-46, mixed mode, sharing, tiered, compressed oops, g1 gc, windows-amd64)
# Problematic frame:
# V  [jvm.dll+0x320f40]
#
# No core dump will be written. Minidumps are not enabled by default on client versions of Windows
#
# If you would like to submit a bug report, please visit:
#   https://bugreport.java.com/bugreport/crash.jsp
#

---------------  S U M M A R Y ------------

Command Line: --add-opens=java.base/java.util=ALL-UNNAMED --add-opens=java.base/java.lang=ALL-UNNAMED --add-opens=java.base/java.lang.invoke=ALL-UNNAMED --add-opens=java.prefs/java.util.prefs=ALL-UNNAMED -XX:MaxMetaspaceSize=256m -XX:+HeapDumpOnOutOfMemoryError -Xms256m -Xmx512m -Dfile.encoding=windows-1251 -Duser.country=RU -Duser.language=ru -Duser.variant org.gradle.launcher.daemon.bootstrap.GradleDaemon 6.3

Host: Intel(R) Core(TM) i7-3630QM CPU @ 2.40GHz, 8 cores, 7G,  Windows 7 , 64 bit Build 7601 (6.1.7601.24117)
Time: Wed Dec 23 22:29:45 2020 RTZ 2 (ceia) elapsed time: 525 seconds (0d 0h 8m 45s)

---------------  T H R E A D  ---------------

Current thread (0x000000002076d800):  JavaThread "C2 CompilerThread1" daemon [_thread_in_native, id=6492, stack(0x0000000024690000,0x0000000024790000)]


Current CompileTask:
C2: 525024 8422 %     4       groovy.lang.MetaClassImpl::inheritInterfaceNewMetaMethods @ 104 (199 bytes)

Stack: [0x0000000024690000,0x0000000024790000],  sp=0x000000002478bad0,  free space=1006k
Native frames: (J=compiled Java code, j=interpreted, Vv=VM code, C=native code)
V  [jvm.dll+0x320f40]
V  [jvm.dll+0x31a6fb]
V  [jvm.dll+0x18cc56]
V  [jvm.dll+0x1e5efa]
V  [jvm.dll+0x1e50b8]
V  [jvm.dll+0x1779cc]
V  [jvm.dll+0x1f4105]
V  [jvm.dll+0x1f22eb]
V  [jvm.dll+0x7070cd]
V  [jvm.dll+0x6ffeda]
V  [jvm.dll+0x5f78f6]
C  [ucrtbase.DLL+0x203ba]
C  [kernel32.dll+0x159cd]
C  [ntdll.dll+0x5383d]


siginfo: EXCEPTION_ACCESS_VIOLATION (0xc0000005), reading address 0x000005fee84f0b30


Register to memory mapping:

RIP=0x000007fee7dd0f40 jvm.dll
RAX=0x0 is NULL
RBX=0x0000000000000012 is an unknown value
RCX=0x0 is NULL
RDX=0x0000000000000008 is an unknown value
RSP=0x000000002478bad0 is pointing into the stack for thread: 0x000000002076d800
RBP=0x0000000000000008 is an unknown value
RSI=0x000007fee84f0b30 jvm.dll
RDI=0x0000000022e85228 points into unknown readable memory: 40 94 c3 25 00 00 00 00
R8 =0x000005fee84f0b30 is an unknown value
R9 =0x000000000000001d is an unknown value
R10=0x000000002478bb00 is pointing into the stack for thread: 0x000000002076d800
R11=0x0000000000000012 is an unknown value
R12=0x0 is NULL
R13=0x0 is NULL
R14=0x0000000000000087 is an unknown value
R15=0x0000000000000087 is an unknown value


Registers:
RAX=0x0000000000000000, RBX=0x0000000000000012, RCX=0x0000000000000000, RDX=0x0000000000000008
RSP=0x000000002478bad0, RBP=0x0000000000000008, RSI=0x000007fee84f0b30, RDI=0x0000000022e85228
R8 =0x000005fee84f0b30, R9 =0x000000000000001d, R10=0x000000002478bb00, R11=0x0000000000000012
R12=0x0000000000000000, R13=0x0000000000000000, R14=0x0000000000000087, R15=0x0000000000000087
RIP=0x000007fee7dd0f40, EFLAGS=0x0000000000010246

Top of Stack: (sp=0x000000002478bad0)
0x000000002478bad0:   0000000000000024 000007fee7dca6fb
0x000000002478bae0:   000000002478bc20 0000000000000002
0x000000002478baf0:   000000000000000e 0000000000001e11
0x000000002478bb00:   00000d3200000000 0000000e00000002
0x000000002478bb10:   00001e0f0000001d 000005fee84f0b30
0x000000002478bb20:   000000002776aef0 0000000024ac54b0
0x000000002478bb30:   000000002072d4a0 000000002072d878
0x000000002478bb40:   000000002072d490 00000000000003d8
0x000000002478bb50:   000000002478bc60 000007fee7c3cc56
0x000000002478bb60:   000000002478bfc0 000000002478c0a0
0x000000002478bb70:   0000000000000000 000000002072d490
0x000000002478bb80:   000000000000c200 0000000000000000
0x000000002478bb90:   0000000000000006 000000002072d490
0x000000002478bba0:   0000000028e00210 0000000028e02ec0
0x000000002478bbb0:   0000000028e081f8 0000000000750e98
0x000000002478bbc0:   0000000000000000 0000000000000000 

Instructions: (pc=0x000007fee7dd0f40)
0x000007fee7dd0e40:   41 b9 08 00 00 00 48 8b 08 48 89 8d 98 08 00 00
0x000007fee7dd0e50:   33 c9 48 89 08 48 89 48 08 48 89 48 10 48 89 48
0x000007fee7dd0e60:   18 41 0f 10 06 0f 11 00 41 0f 10 4e 10 0f 11 48
0x000007fee7dd0e70:   10 48 8b 4b 08 48 89 04 0e ff c7 3b bb 90 00 00
0x000007fee7dd0e80:   00 0f 82 69 ff ff ff 4c 8b 74 24 60 4c 8b 6c 24
0x000007fee7dd0e90:   58 4c 8b 64 24 50 48 8b c3 48 83 c4 20 41 5f 5f
0x000007fee7dd0ea0:   5e 5d 5b c3 cc cc cc cc cc cc cc cc cc cc cc cc
0x000007fee7dd0eb0:   40 53 8b 51 08 4c 8b d1 83 fa 08 73 1f 48 8b 59
0x000007fee7dd0ec0:   18 44 8b c2 44 8d 5a 01 42 83 3c 83 00 0f 85 f7
0x000007fee7dd0ed0:   00 00 00 41 8b d3 41 83 fb 08 72 e5 44 8b 59 0c
0x000007fee7dd0ee0:   48 89 6c 24 10 48 89 74 24 18 48 89 7c 24 20 44
0x000007fee7dd0ef0:   3b 59 10 0f 83 be 00 00 00 8b 0d ad cf 76 00 48
0x000007fee7dd0f00:   8d 35 2a fc 71 00 65 48 8b 04 25 58 00 00 00 bd
0x000007fee7dd0f10:   08 00 00 00 48 8d 3c c8 0f 1f 84 00 00 00 00 00
0x000007fee7dd0f20:   49 8b 42 20 41 8b db 4c 8b 04 d8 4c 3b c6 74 7a
0x000007fee7dd0f30:   33 c0 4d 89 42 18 33 c9 0f 1f 84 00 00 00 00 00
0x000007fee7dd0f40:   42 83 3c 01 00 8d 50 01 0f 85 b3 00 00 00 48 83
0x000007fee7dd0f50:   c1 04 8b c2 83 fa 08 72 e7 4d 8b 4a 28 4d 85 c9
0x000007fee7dd0f60:   74 48 49 8b 41 08 8b d5 48 03 17 4c 8b 04 d8 48
0x000007fee7dd0f70:   8b 02 48 8b 88 a0 04 00 00 48 8b 81 80 00 00 00
0x000007fee7dd0f80:   48 8b 88 98 08 00 00 49 89 08 48 8b 02 48 8b 88
0x000007fee7dd0f90:   a0 04 00 00 48 8b 81 80 00 00 00 4c 89 80 98 08
0x000007fee7dd0fa0:   00 00 49 8b 41 08 48 89 34 d8 41 ff c3 45 3b 5a
0x000007fee7dd0fb0:   10 0f 82 69 ff ff ff 48 8b 74 24 18 33 c0 48 8b
0x000007fee7dd0fc0:   6c 24 10 48 8b 7c 24 20 5b c3 8b 41 0c 44 8d 0c
0x000007fee7dd0fd0:   c2 41 c1 e1 05 41 81 c1 00 ff ff ff 44 89 49 04
0x000007fee7dd0fe0:   46 8b 04 83 49 0f bc d0 44 89 59 08 8b ca 41 d3
0x000007fee7dd0ff0:   e8 41 ff c8 41 8d 04 11 45 89 02 41 89 42 04 5b
0x000007fee7dd1000:   c3 48 8b 74 24 18 46 8d 0c d8 48 8b 6c 24 10 48
0x000007fee7dd1010:   8b 7c 24 20 8b c8 41 8d 43 01 41 c1 e1 05 45 89
0x000007fee7dd1020:   4a 04 45 8b 04 88 41 89 52 08 49 0f bc d0 41 89
0x000007fee7dd1030:   42 0c 8b ca 41 d3 e8 41 ff c8 41 8d 04 11 45 89 


Stack slot to memory mapping:
stack at sp + 0 slots: 0x0000000000000024 is an unknown value
stack at sp + 1 slots: 0x000007fee7dca6fb jvm.dll
stack at sp + 2 slots: 0x000000002478bc20 is pointing into the stack for thread: 0x000000002076d800
stack at sp + 3 slots: 0x0000000000000002 is an unknown value
stack at sp + 4 slots: 0x000000000000000e is an unknown value
stack at sp + 5 slots: 0x0000000000001e11 is an unknown value
stack at sp + 6 slots: 0x00000d3200000000 is an unknown value
stack at sp + 7 slots: 0x0000000e00000002 is an unknown value


---------------  P R O C E S S  ---------------

Threads class SMR info:
_java_thread_list=0x00000000288cf510, length=56, elements={
0x0000000000197800, 0x000000001ed5f000, 0x000000001ed63000, 0x000000001ed9d800,
0x000000001ed9e800, 0x000000001eda0800, 0x000000001eda6000, 0x000000001eda8000,
0x000000001edbe000, 0x0000000020573800, 0x0000000020598800, 0x00000000225b5800,
0x00000000225c0800, 0x0000000022213800, 0x00000000227bf000, 0x00000000227bf800,
0x00000000227c0800, 0x00000000227c5800, 0x00000000227c8800, 0x00000000227c9800,
0x000000002076b000, 0x00000000227bc800, 0x00000000227be000, 0x00000000227c4000,
0x00000000227bd800, 0x00000000227cb000, 0x00000000227c2000, 0x00000000227c1800,
0x00000000227ca800, 0x00000000227c4800, 0x00000000227c8000, 0x0000000020770000,
0x000000002076d800, 0x0000000020769800, 0x000000002076e800, 0x000000002076f000,
0x000000002076d000, 0x000000002076c000, 0x0000000023b3a800, 0x0000000023b3b800,
0x0000000023b3c800, 0x0000000023b3d000, 0x0000000023b3e000, 0x0000000023b3f000,
0x0000000023b3f800, 0x0000000023b40800, 0x0000000023b41800, 0x000000002366a000,
0x000000002366b000, 0x000000002366b800, 0x000000002366c800, 0x00000000239a2800,
0x00000000239a3800, 0x00000000239a4800, 0x000000002076a800, 0x00000000239a5000
}

Java Threads: ( => current thread )
  0x0000000000197800 JavaThread "main" [_thread_blocked, id=10652, stack(0x0000000002480000,0x0000000002580000)]
  0x000000001ed5f000 JavaThread "Reference Handler" daemon [_thread_blocked, id=8288, stack(0x000000001f860000,0x000000001f960000)]
  0x000000001ed63000 JavaThread "Finalizer" daemon [_thread_blocked, id=8632, stack(0x000000001f9a0000,0x000000001faa0000)]
  0x000000001ed9d800 JavaThread "Signal Dispatcher" daemon [_thread_blocked, id=4172, stack(0x000000001fbe0000,0x000000001fce0000)]
  0x000000001ed9e800 JavaThread "Attach Listener" daemon [_thread_blocked, id=11204, stack(0x000000001fd20000,0x000000001fe20000)]
  0x000000001eda0800 JavaThread "Service Thread" daemon [_thread_blocked, id=9872, stack(0x000000001fe30000,0x000000001ff30000)]
  0x000000001eda6000 JavaThread "C2 CompilerThread0" daemon [_thread_blocked, id=9536, stack(0x0000000020010000,0x0000000020110000)]
  0x000000001eda8000 JavaThread "C1 CompilerThread0" daemon [_thread_blocked, id=3520, stack(0x0000000020190000,0x0000000020290000)]
  0x000000001edbe000 JavaThread "Sweeper thread" daemon [_thread_blocked, id=8472, stack(0x00000000203a0000,0x00000000204a0000)]
  0x0000000020573800 JavaThread "Common-Cleaner" daemon [_thread_blocked, id=9160, stack(0x0000000020910000,0x0000000020a10000)]
  0x0000000020598800 JavaThread "Notification Thread" daemon [_thread_blocked, id=9412, stack(0x0000000020b20000,0x0000000020c20000)]
  0x00000000225b5800 JavaThread "Daemon health stats" [_thread_blocked, id=3392, stack(0x0000000023d60000,0x0000000023e60000)]
  0x00000000225c0800 JavaThread "Incoming local TCP Connector on port 53656" [_thread_in_native, id=5456, stack(0x0000000023fa0000,0x00000000240a0000)]
  0x0000000022213800 JavaThread "Daemon periodic checks" [_thread_blocked, id=7988, stack(0x0000000023e60000,0x0000000023f60000)]
  0x00000000227bf000 JavaThread "Cache worker for journal cache (C:\Users\User\.gradle\caches\journal-1)" [_thread_blocked, id=3808, stack(0x0000000025120000,0x0000000025220000)]
  0x00000000227bf800 JavaThread "File lock request listener" [_thread_in_native, id=11104, stack(0x0000000025000000,0x0000000025100000)]
  0x00000000227c0800 JavaThread "Cache worker for file hash cache (C:\Users\User\.gradle\caches\6.3\fileHashes)" [_thread_blocked, id=8700, stack(0x00000000253e0000,0x00000000254e0000)]
  0x00000000227c5800 JavaThread "Cache worker for execution history cache (C:\Users\User\.gradle\caches\6.3\executionHistory)" [_thread_blocked, id=6224, stack(0x00000000202a0000,0x00000000203a0000)]
  0x00000000227c8800 JavaThread "Memory manager" [_thread_blocked, id=10180, stack(0x000000002b2e0000,0x000000002b3e0000)]
  0x00000000227c9800 JavaThread "Cache worker for file content cache (C:\Users\User\.gradle\caches\6.3\fileContent)" [_thread_blocked, id=8292, stack(0x000000002b830000,0x000000002b930000)]
  0x000000002076b000 JavaThread "Cache worker for Java compile cache (C:\Users\User\.gradle\caches\6.3\javaCompile)" [_thread_blocked, id=8224, stack(0x000000002d5f0000,0x000000002d6f0000)]
  0x00000000227bc800 JavaThread "Daemon Thread 3" [_thread_blocked, id=6724, stack(0x00000000240a0000,0x00000000241a0000)]
  0x00000000227be000 JavaThread "Handler for socket connection from /127.0.0.1:53656 to /127.0.0.1:53807" [_thread_in_native, id=176, stack(0x0000000020fc0000,0x00000000210c0000)]
  0x00000000227c4000 JavaThread "Cancel handler" [_thread_blocked, id=10920, stack(0x0000000024320000,0x0000000024420000)]
  0x00000000227bd800 JavaThread "Daemon worker Thread 3" [_thread_blocked, id=9852, stack(0x00000000241b0000,0x00000000242b0000)]
  0x00000000227cb000 JavaThread "Asynchronous log dispatcher for DefaultDaemonConnection: socket connection from /127.0.0.1:53656 to /127.0.0.1:53807" [_thread_blocked, id=6352, stack(0x0000000024540000,0x0000000024640000)]
  0x00000000227c2000 JavaThread "Stdin handler" [_thread_blocked, id=10284, stack(0x00000000247a0000,0x00000000248a0000)]
  0x00000000227c1800 JavaThread "Thread-168" [_thread_blocked, id=1624, stack(0x00000000248a0000,0x00000000249a0000)]
  0x00000000227ca800 JavaThread "Cache worker for checksums cache (C:\Users\User\IdeaProjects\CsvJsonParser\.gradle\checksums)" [_thread_blocked, id=5388, stack(0x00000000249c0000,0x0000000024ac0000)]
  0x00000000227c4800 JavaThread "Cache worker for file hash cache (C:\Users\User\IdeaProjects\CsvJsonParser\.gradle\6.3\fileHashes)" [_thread_blocked, id=10352, stack(0x0000000025290000,0x0000000025390000)]
  0x00000000227c8000 JavaThread "Cache worker for cache directory md-supplier (C:\Users\User\.gradle\caches\6.3\md-supplier)" [_thread_blocked, id=5404, stack(0x0000000026a40000,0x0000000026b40000)]
  0x0000000020770000 JavaThread "Cache worker for cache directory md-rule (C:\Users\User\.gradle\caches\6.3\md-rule)" [_thread_blocked, id=6188, stack(0x0000000025720000,0x0000000025820000)]
=>0x000000002076d800 JavaThread "C2 CompilerThread1" daemon [_thread_in_native, id=6492, stack(0x0000000024690000,0x0000000024790000)]
  0x0000000020769800 JavaThread "Cache worker for Build Output Cleanup Cache (C:\Users\User\IdeaProjects\CsvJsonParser\.gradle\buildOutputCleanup)" [_thread_blocked, id=2588, stack(0x0000000028000000,0x0000000028100000)]
  0x000000002076e800 JavaThread "Cache worker for file content cache (C:\Users\User\IdeaProjects\CsvJsonParser\.gradle\6.3\fileContent)" [_thread_blocked, id=7788, stack(0x0000000024420000,0x0000000024520000)]
  0x000000002076f000 JavaThread "Execution worker for ':'" [_thread_blocked, id=5200, stack(0x0000000029690000,0x0000000029790000)]
  0x000000002076d000 JavaThread "Execution worker for ':' Thread 2" [_thread_blocked, id=9564, stack(0x000000002bc10000,0x000000002bd10000)]
  0x000000002076c000 JavaThread "Execution worker for ':' Thread 3" [_thread_blocked, id=6760, stack(0x000000002bd40000,0x000000002be40000)]
  0x0000000023b3a800 JavaThread "Execution worker for ':' Thread 4" [_thread_blocked, id=5140, stack(0x000000002c380000,0x000000002c480000)]
  0x0000000023b3b800 JavaThread "Execution worker for ':' Thread 5" [_thread_blocked, id=6168, stack(0x0000000026c90000,0x0000000026d90000)]
  0x0000000023b3c800 JavaThread "Execution worker for ':' Thread 6" [_thread_blocked, id=10704, stack(0x000000002c5a0000,0x000000002c6a0000)]
  0x0000000023b3d000 JavaThread "Execution worker for ':' Thread 7" [_thread_blocked, id=9244, stack(0x000000002c7a0000,0x000000002c8a0000)]
  0x0000000023b3e000 JavaThread "Cache worker for execution history cache (C:\Users\User\IdeaProjects\CsvJsonParser\.gradle\6.3\executionHistory)" [_thread_blocked, id=10648, stack(0x000000002cc80000,0x000000002cd80000)]
  0x0000000023b3f000 JavaThread "Build operations" [_thread_blocked, id=2208, stack(0x000000002ce40000,0x000000002cf40000)]
  0x0000000023b3f800 JavaThread "Build operations Thread 2" [_thread_blocked, id=10360, stack(0x000000002cf40000,0x000000002d040000)]
  0x0000000023b40800 JavaThread "Build operations Thread 3" [_thread_blocked, id=6356, stack(0x000000002d100000,0x000000002d200000)]
  0x0000000023b41800 JavaThread "Build operations Thread 4" [_thread_blocked, id=4912, stack(0x000000002c8d0000,0x000000002c9d0000)]
  0x000000002366a000 JavaThread "Build operations Thread 5" [_thread_blocked, id=5660, stack(0x000000002d350000,0x000000002d450000)]
  0x000000002366b000 JavaThread "Build operations Thread 6" [_thread_blocked, id=4496, stack(0x000000002db90000,0x000000002dc90000)]
  0x000000002366b800 JavaThread "Build operations Thread 7" [_thread_blocked, id=3068, stack(0x000000002d450000,0x000000002d550000)]
  0x000000002366c800 JavaThread "Build operations Thread 8" [_thread_blocked, id=6388, stack(0x000000002e6b0000,0x000000002e7b0000)]
  0x00000000239a2800 JavaThread "Exec process Thread 9" [_thread_in_native, id=7436, stack(0x000000002e7e0000,0x000000002e8e0000)]
  0x00000000239a3800 JavaThread "Exec process Thread 10" [_thread_blocked, id=10028, stack(0x000000002d210000,0x000000002d310000)]
  0x00000000239a4800 JavaThread "Exec process Thread 11" [_thread_in_native, id=7884, stack(0x000000002e990000,0x000000002ea90000)]
  0x000000002076a800 JavaThread "DisconnectableInputStream source reader" daemon [_thread_blocked, id=7432, stack(0x000000002ed90000,0x000000002ee90000)]
  0x00000000239a5000 JavaThread "Exec process Thread 12" [_thread_in_native, id=6700, stack(0x000000002ef20000,0x000000002f020000)]

Other Threads:
  0x000000001ed54800 VMThread "VM Thread" [stack: 0x000000001f670000,0x000000001f770000] [id=10892]
  0x00000000205a9800 WatcherThread [stack: 0x0000000020cc0000,0x0000000020dc0000] [id=9796]
  0x00000000001bb800 GCTaskThread "GC Thread#0" [stack: 0x000000001bbe0000,0x000000001bce0000] [id=10440]
  0x0000000021bcc000 GCTaskThread "GC Thread#1" [stack: 0x00000000229b0000,0x0000000022ab0000] [id=9640]
  0x00000000218c1800 GCTaskThread "GC Thread#2" [stack: 0x0000000022ad0000,0x0000000022bd0000] [id=8308]
  0x00000000218c2800 GCTaskThread "GC Thread#3" [stack: 0x000000001fad0000,0x000000001fbd0000] [id=7912]
  0x00000000219ee800 GCTaskThread "GC Thread#4" [stack: 0x0000000022bd0000,0x0000000022cd0000] [id=8784]
  0x00000000219ef000 GCTaskThread "GC Thread#5" [stack: 0x0000000020e00000,0x0000000020f00000] [id=9772]
  0x0000000027a02800 GCTaskThread "GC Thread#6" [stack: 0x0000000028360000,0x0000000028460000] [id=10224]
  0x00000000235cc000 GCTaskThread "GC Thread#7" [stack: 0x00000000297e0000,0x00000000298e0000] [id=2932]
  0x00000000001c1000 ConcurrentGCThread "G1 Main Marker" [stack: 0x000000001bde0000,0x000000001bee0000] [id=6476]
  0x00000000001c6800 ConcurrentGCThread "G1 Conc#0" [stack: 0x000000001c030000,0x000000001c130000] [id=10784]
  0x0000000022e7e800 ConcurrentGCThread "G1 Conc#1" [stack: 0x0000000026b90000,0x0000000026c90000] [id=844]
  0x000000001bdcc800 ConcurrentGCThread "G1 Refine#0" [stack: 0x000000001e980000,0x000000001ea80000] [id=7676]
  0x0000000029411000 ConcurrentGCThread "G1 Refine#1" [stack: 0x0000000029930000,0x0000000029a30000] [id=6332]
  0x000000001bdcd800 ConcurrentGCThread "G1 Young RemSet Sampling" [stack: 0x000000001eb10000,0x000000001ec10000] [id=9980]

Threads with active compile tasks:
C2 CompilerThread1   525069 8422 %     4       groovy.lang.MetaClassImpl::inheritInterfaceNewMetaMethods @ 104 (199 bytes)

VM state:not at safepoint (normal execution)

VM Mutex/Monitor currently owned by a thread: None

Heap address: 0x00000000e0000000, size: 512 MB, Compressed Oops mode: 32-bit
Narrow klass base: 0x0000000800000000, Narrow klass shift: 3
Compressed class space size: 260046848 Address: 0x0000000800b30000

Heap:
 garbage-first heap   total 262144K, used 77925K [0x00000000e0000000, 0x0000000100000000)
  region size 1024K, 53 young (54272K), 17 survivors (17408K)
 Metaspace       used 58947K, capacity 61072K, committed 61264K, reserved 307200K
  class space    used 7899K, capacity 8699K, committed 8780K, reserved 253952K
Heap Regions: E=young(eden), S=young(survivor), O=old, HS=humongous(starts), HC=humongous(continues), CS=collection set, F=free, OA=open archive, CA=closed archive, TAMS=top-at-mark-start (previous, next)
|   0|0x00000000e0000000, 0x00000000e0100000, 0x00000000e0100000|100%| O|  |TAMS 0x00000000e0100000, 0x00000000e0000000| Untracked 
|   1|0x00000000e0100000, 0x00000000e0200000, 0x00000000e0200000|100%| O|  |TAMS 0x00000000e0200000, 0x00000000e0100000| Untracked 
|   2|0x00000000e0200000, 0x00000000e0300000, 0x00000000e0300000|100%| O|  |TAMS 0x00000000e0300000, 0x00000000e0200000| Untracked 
|   3|0x00000000e0300000, 0x00000000e0400000, 0x00000000e0400000|100%|HS|  |TAMS 0x00000000e0400000, 0x00000000e0300000| Complete 
|   4|0x00000000e0400000, 0x00000000e0500000, 0x00000000e0500000|100%|HC|  |TAMS 0x00000000e0500000, 0x00000000e0400000| Complete 
|   5|0x00000000e0500000, 0x00000000e0600000, 0x00000000e0600000|100%|HC|  |TAMS 0x00000000e0600000, 0x00000000e0500000| Complete 
|   6|0x00000000e0600000, 0x00000000e0700000, 0x00000000e0700000|100%| O|  |TAMS 0x00000000e0700000, 0x00000000e0600000| Untracked 
|   7|0x00000000e0700000, 0x00000000e0800000, 0x00000000e0800000|100%| O|  |TAMS 0x00000000e0800000, 0x00000000e0700000| Untracked 
|   8|0x00000000e0800000, 0x00000000e0900000, 0x00000000e0900000|100%| O|  |TAMS 0x00000000e0900000, 0x00000000e0800000| Untracked 
|   9|0x00000000e0900000, 0x00000000e0a00000, 0x00000000e0a00000|100%| O|  |TAMS 0x00000000e0a00000, 0x00000000e0900000| Untracked 
|  10|0x00000000e0a00000, 0x00000000e0b00000, 0x00000000e0b00000|100%| O|  |TAMS 0x00000000e0b00000, 0x00000000e0a00000| Untracked 
|  11|0x00000000e0b00000, 0x00000000e0c00000, 0x00000000e0c00000|100%| O|  |TAMS 0x00000000e0c00000, 0x00000000e0b00000| Untracked 
|  12|0x00000000e0c00000, 0x00000000e0d00000, 0x00000000e0d00000|100%| O|  |TAMS 0x00000000e0d00000, 0x00000000e0c00000| Untracked 
|  13|0x00000000e0d00000, 0x00000000e0e00000, 0x00000000e0e00000|100%| O|  |TAMS 0x00000000e0e00000, 0x00000000e0d00000| Untracked 
|  14|0x00000000e0e00000, 0x00000000e0f00000, 0x00000000e0f00000|100%| O|  |TAMS 0x00000000e0f00000, 0x00000000e0e00000| Untracked 
|  15|0x00000000e0f00000, 0x00000000e1000000, 0x00000000e1000000|100%| O|  |TAMS 0x00000000e1000000, 0x00000000e0f00000| Untracked 
|  16|0x00000000e1000000, 0x00000000e1100000, 0x00000000e1100000|100%| O|  |TAMS 0x00000000e1100000, 0x00000000e1000000| Untracked 
|  17|0x00000000e1100000, 0x00000000e1200000, 0x00000000e1200000|100%| O|  |TAMS 0x00000000e1145000, 0x00000000e1100000| Untracked 
|  18|0x00000000e1200000, 0x00000000e1300000, 0x00000000e1300000|100%| O|  |TAMS 0x00000000e1200000, 0x00000000e1200000| Untracked 
|  19|0x00000000e1300000, 0x00000000e1400000, 0x00000000e1400000|100%| O|  |TAMS 0x00000000e1300000, 0x00000000e1300000| Untracked 
|  20|0x00000000e1400000, 0x00000000e1500000, 0x00000000e1500000|100%| O|  |TAMS 0x00000000e1400000, 0x00000000e1400000| Untracked 
|  21|0x00000000e1500000, 0x00000000e1600000, 0x00000000e1600000|100%| O|  |TAMS 0x00000000e1500000, 0x00000000e1500000| Untracked 
|  22|0x00000000e1600000, 0x00000000e1700000, 0x00000000e1700000|100%| O|  |TAMS 0x00000000e1600000, 0x00000000e1600000| Untracked 
|  23|0x00000000e1700000, 0x00000000e1800000, 0x00000000e1800000|100%| O|  |TAMS 0x00000000e1700000, 0x00000000e1700000| Untracked 
|  24|0x00000000e1800000, 0x00000000e1819600, 0x00000000e1900000|  9%| O|  |TAMS 0x00000000e1800000, 0x00000000e1800000| Untracked 
|  25|0x00000000e1900000, 0x00000000e1900000, 0x00000000e1a00000|  0%| F|  |TAMS 0x00000000e1900000, 0x00000000e1900000| Untracked 
|  26|0x00000000e1a00000, 0x00000000e1a00000, 0x00000000e1b00000|  0%| F|  |TAMS 0x00000000e1a00000, 0x00000000e1a00000| Untracked 
|  27|0x00000000e1b00000, 0x00000000e1b00000, 0x00000000e1c00000|  0%| F|  |TAMS 0x00000000e1b00000, 0x00000000e1b00000| Untracked 
|  28|0x00000000e1c00000, 0x00000000e1c00000, 0x00000000e1d00000|  0%| F|  |TAMS 0x00000000e1c00000, 0x00000000e1c00000| Untracked 
|  29|0x00000000e1d00000, 0x00000000e1d00000, 0x00000000e1e00000|  0%| F|  |TAMS 0x00000000e1d00000, 0x00000000e1d00000| Untracked 
|  30|0x00000000e1e00000, 0x00000000e1e00000, 0x00000000e1f00000|  0%| F|  |TAMS 0x00000000e1e00000, 0x00000000e1e00000| Untracked 
|  31|0x00000000e1f00000, 0x00000000e1f00000, 0x00000000e2000000|  0%| F|  |TAMS 0x00000000e1f00000, 0x00000000e1f00000| Untracked 
|  32|0x00000000e2000000, 0x00000000e2000000, 0x00000000e2100000|  0%| F|  |TAMS 0x00000000e2000000, 0x00000000e2000000| Untracked 
|  33|0x00000000e2100000, 0x00000000e2100000, 0x00000000e2200000|  0%| F|  |TAMS 0x00000000e2100000, 0x00000000e2100000| Untracked 
|  34|0x00000000e2200000, 0x00000000e2200000, 0x00000000e2300000|  0%| F|  |TAMS 0x00000000e2200000, 0x00000000e2200000| Untracked 
|  35|0x00000000e2300000, 0x00000000e2300000, 0x00000000e2400000|  0%| F|  |TAMS 0x00000000e2300000, 0x00000000e2300000| Untracked 
|  36|0x00000000e2400000, 0x00000000e2400000, 0x00000000e2500000|  0%| F|  |TAMS 0x00000000e2400000, 0x00000000e2400000| Untracked 
|  37|0x00000000e2500000, 0x00000000e2500000, 0x00000000e2600000|  0%| F|  |TAMS 0x00000000e2500000, 0x00000000e2500000| Untracked 
|  38|0x00000000e2600000, 0x00000000e2600000, 0x00000000e2700000|  0%| F|  |TAMS 0x00000000e2600000, 0x00000000e2600000| Untracked 
|  39|0x00000000e2700000, 0x00000000e2700000, 0x00000000e2800000|  0%| F|  |TAMS 0x00000000e2700000, 0x00000000e2700000| Untracked 
|  40|0x00000000e2800000, 0x00000000e2800000, 0x00000000e2900000|  0%| F|  |TAMS 0x00000000e2800000, 0x00000000e2800000| Untracked 
|  41|0x00000000e2900000, 0x00000000e2900000, 0x00000000e2a00000|  0%| F|  |TAMS 0x00000000e2900000, 0x00000000e2900000| Untracked 
|  42|0x00000000e2a00000, 0x00000000e2a00000, 0x00000000e2b00000|  0%| F|  |TAMS 0x00000000e2a00000, 0x00000000e2a00000| Untracked 
|  43|0x00000000e2b00000, 0x00000000e2b00000, 0x00000000e2c00000|  0%| F|  |TAMS 0x00000000e2b00000, 0x00000000e2b00000| Untracked 
|  44|0x00000000e2c00000, 0x00000000e2c00000, 0x00000000e2d00000|  0%| F|  |TAMS 0x00000000e2c00000, 0x00000000e2c00000| Untracked 
|  45|0x00000000e2d00000, 0x00000000e2d00000, 0x00000000e2e00000|  0%| F|  |TAMS 0x00000000e2d00000, 0x00000000e2d00000| Untracked 
|  46|0x00000000e2e00000, 0x00000000e2e00000, 0x00000000e2f00000|  0%| F|  |TAMS 0x00000000e2e00000, 0x00000000e2e00000| Untracked 
|  47|0x00000000e2f00000, 0x00000000e2f00000, 0x00000000e3000000|  0%| F|  |TAMS 0x00000000e2f00000, 0x00000000e2f00000| Untracked 
|  48|0x00000000e3000000, 0x00000000e3000000, 0x00000000e3100000|  0%| F|  |TAMS 0x00000000e3000000, 0x00000000e3000000| Untracked 
|  49|0x00000000e3100000, 0x00000000e3100000, 0x00000000e3200000|  0%| F|  |TAMS 0x00000000e3100000, 0x00000000e3100000| Untracked 
|  50|0x00000000e3200000, 0x00000000e3200000, 0x00000000e3300000|  0%| F|  |TAMS 0x00000000e3200000, 0x00000000e3200000| Untracked 
|  51|0x00000000e3300000, 0x00000000e3300000, 0x00000000e3400000|  0%| F|  |TAMS 0x00000000e3300000, 0x00000000e3300000| Untracked 
|  52|0x00000000e3400000, 0x00000000e3400000, 0x00000000e3500000|  0%| F|  |TAMS 0x00000000e3400000, 0x00000000e3400000| Untracked 
|  53|0x00000000e3500000, 0x00000000e3500000, 0x00000000e3600000|  0%| F|  |TAMS 0x00000000e3500000, 0x00000000e3500000| Untracked 
|  54|0x00000000e3600000, 0x00000000e3600000, 0x00000000e3700000|  0%| F|  |TAMS 0x00000000e3600000, 0x00000000e3600000| Untracked 
|  55|0x00000000e3700000, 0x00000000e3700000, 0x00000000e3800000|  0%| F|  |TAMS 0x00000000e3700000, 0x00000000e3700000| Untracked 
|  56|0x00000000e3800000, 0x00000000e3800000, 0x00000000e3900000|  0%| F|  |TAMS 0x00000000e3800000, 0x00000000e3800000| Untracked 
|  57|0x00000000e3900000, 0x00000000e3900000, 0x00000000e3a00000|  0%| F|  |TAMS 0x00000000e3900000, 0x00000000e3900000| Untracked 
|  58|0x00000000e3a00000, 0x00000000e3a00000, 0x00000000e3b00000|  0%| F|  |TAMS 0x00000000e3a00000, 0x00000000e3a00000| Untracked 
|  59|0x00000000e3b00000, 0x00000000e3b00000, 0x00000000e3c00000|  0%| F|  |TAMS 0x00000000e3b00000, 0x00000000e3b00000| Untracked 
|  60|0x00000000e3c00000, 0x00000000e3c00000, 0x00000000e3d00000|  0%| F|  |TAMS 0x00000000e3c00000, 0x00000000e3c00000| Untracked 
|  61|0x00000000e3d00000, 0x00000000e3d00000, 0x00000000e3e00000|  0%| F|  |TAMS 0x00000000e3d00000, 0x00000000e3d00000| Untracked 
|  62|0x00000000e3e00000, 0x00000000e3e00000, 0x00000000e3f00000|  0%| F|  |TAMS 0x00000000e3e00000, 0x00000000e3e00000| Untracked 
|  63|0x00000000e3f00000, 0x00000000e3f00000, 0x00000000e4000000|  0%| F|  |TAMS 0x00000000e3f00000, 0x00000000e3f00000| Untracked 
|  64|0x00000000e4000000, 0x00000000e4000000, 0x00000000e4100000|  0%| F|  |TAMS 0x00000000e4000000, 0x00000000e4000000| Untracked 
|  65|0x00000000e4100000, 0x00000000e4100000, 0x00000000e4200000|  0%| F|  |TAMS 0x00000000e4100000, 0x00000000e4100000| Untracked 
|  66|0x00000000e4200000, 0x00000000e4200000, 0x00000000e4300000|  0%| F|  |TAMS 0x00000000e4200000, 0x00000000e4200000| Untracked 
|  67|0x00000000e4300000, 0x00000000e4300000, 0x00000000e4400000|  0%| F|  |TAMS 0x00000000e4300000, 0x00000000e4300000| Untracked 
|  68|0x00000000e4400000, 0x00000000e4400000, 0x00000000e4500000|  0%| F|  |TAMS 0x00000000e4400000, 0x00000000e4400000| Untracked 
|  69|0x00000000e4500000, 0x00000000e4500000, 0x00000000e4600000|  0%| F|  |TAMS 0x00000000e4500000, 0x00000000e4500000| Untracked 
|  70|0x00000000e4600000, 0x00000000e4600000, 0x00000000e4700000|  0%| F|  |TAMS 0x00000000e4600000, 0x00000000e4600000| Untracked 
|  71|0x00000000e4700000, 0x00000000e4700000, 0x00000000e4800000|  0%| F|  |TAMS 0x00000000e4700000, 0x00000000e4700000| Untracked 
|  72|0x00000000e4800000, 0x00000000e4800000, 0x00000000e4900000|  0%| F|  |TAMS 0x00000000e4800000, 0x00000000e4800000| Untracked 
|  73|0x00000000e4900000, 0x00000000e4900000, 0x00000000e4a00000|  0%| F|  |TAMS 0x00000000e4900000, 0x00000000e4900000| Untracked 
|  74|0x00000000e4a00000, 0x00000000e4a00000, 0x00000000e4b00000|  0%| F|  |TAMS 0x00000000e4a00000, 0x00000000e4a00000| Untracked 
|  75|0x00000000e4b00000, 0x00000000e4b00000, 0x00000000e4c00000|  0%| F|  |TAMS 0x00000000e4b00000, 0x00000000e4b00000| Untracked 
|  76|0x00000000e4c00000, 0x00000000e4c00000, 0x00000000e4d00000|  0%| F|  |TAMS 0x00000000e4c00000, 0x00000000e4c00000| Untracked 
|  77|0x00000000e4d00000, 0x00000000e4d00000, 0x00000000e4e00000|  0%| F|  |TAMS 0x00000000e4d00000, 0x00000000e4d00000| Untracked 
|  78|0x00000000e4e00000, 0x00000000e4e00000, 0x00000000e4f00000|  0%| F|  |TAMS 0x00000000e4e00000, 0x00000000e4e00000| Untracked 
|  79|0x00000000e4f00000, 0x00000000e4f00000, 0x00000000e5000000|  0%| F|  |TAMS 0x00000000e4f00000, 0x00000000e4f00000| Untracked 
|  80|0x00000000e5000000, 0x00000000e5000000, 0x00000000e5100000|  0%| F|  |TAMS 0x00000000e5000000, 0x00000000e5000000| Untracked 
|  81|0x00000000e5100000, 0x00000000e5100000, 0x00000000e5200000|  0%| F|  |TAMS 0x00000000e5100000, 0x00000000e5100000| Untracked 
|  82|0x00000000e5200000, 0x00000000e5200000, 0x00000000e5300000|  0%| F|  |TAMS 0x00000000e5200000, 0x00000000e5200000| Untracked 
|  83|0x00000000e5300000, 0x00000000e5300000, 0x00000000e5400000|  0%| F|  |TAMS 0x00000000e5300000, 0x00000000e5300000| Untracked 
|  84|0x00000000e5400000, 0x00000000e5400000, 0x00000000e5500000|  0%| F|  |TAMS 0x00000000e5400000, 0x00000000e5400000| Untracked 
|  85|0x00000000e5500000, 0x00000000e5500000, 0x00000000e5600000|  0%| F|  |TAMS 0x00000000e5500000, 0x00000000e5500000| Untracked 
|  86|0x00000000e5600000, 0x00000000e5600000, 0x00000000e5700000|  0%| F|  |TAMS 0x00000000e5600000, 0x00000000e5600000| Untracked 
|  87|0x00000000e5700000, 0x00000000e5700000, 0x00000000e5800000|  0%| F|  |TAMS 0x00000000e5700000, 0x00000000e5700000| Untracked 
|  88|0x00000000e5800000, 0x00000000e5800000, 0x00000000e5900000|  0%| F|  |TAMS 0x00000000e5800000, 0x00000000e5800000| Untracked 
|  89|0x00000000e5900000, 0x00000000e5900000, 0x00000000e5a00000|  0%| F|  |TAMS 0x00000000e5900000, 0x00000000e5900000| Untracked 
|  90|0x00000000e5a00000, 0x00000000e5a00000, 0x00000000e5b00000|  0%| F|  |TAMS 0x00000000e5a00000, 0x00000000e5a00000| Untracked 
|  91|0x00000000e5b00000, 0x00000000e5b00000, 0x00000000e5c00000|  0%| F|  |TAMS 0x00000000e5b00000, 0x00000000e5b00000| Untracked 
|  92|0x00000000e5c00000, 0x00000000e5c00000, 0x00000000e5d00000|  0%| F|  |TAMS 0x00000000e5c00000, 0x00000000e5c00000| Untracked 
|  93|0x00000000e5d00000, 0x00000000e5d00000, 0x00000000e5e00000|  0%| F|  |TAMS 0x00000000e5d00000, 0x00000000e5d00000| Untracked 
|  94|0x00000000e5e00000, 0x00000000e5e00000, 0x00000000e5f00000|  0%| F|  |TAMS 0x00000000e5e00000, 0x00000000e5e00000| Untracked 
|  95|0x00000000e5f00000, 0x00000000e5f00000, 0x00000000e6000000|  0%| F|  |TAMS 0x00000000e5f00000, 0x00000000e5f00000| Untracked 
|  96|0x00000000e6000000, 0x00000000e6000000, 0x00000000e6100000|  0%| F|  |TAMS 0x00000000e6000000, 0x00000000e6000000| Untracked 
|  97|0x00000000e6100000, 0x00000000e6100000, 0x00000000e6200000|  0%| F|  |TAMS 0x00000000e6100000, 0x00000000e6100000| Untracked 
|  98|0x00000000e6200000, 0x00000000e6200000, 0x00000000e6300000|  0%| F|  |TAMS 0x00000000e6200000, 0x00000000e6200000| Untracked 
|  99|0x00000000e6300000, 0x00000000e6300000, 0x00000000e6400000|  0%| F|  |TAMS 0x00000000e6300000, 0x00000000e6300000| Untracked 
| 100|0x00000000e6400000, 0x00000000e6400000, 0x00000000e6500000|  0%| F|  |TAMS 0x00000000e6400000, 0x00000000e6400000| Untracked 
| 101|0x00000000e6500000, 0x00000000e6500000, 0x00000000e6600000|  0%| F|  |TAMS 0x00000000e6500000, 0x00000000e6500000| Untracked 
| 102|0x00000000e6600000, 0x00000000e6600000, 0x00000000e6700000|  0%| F|  |TAMS 0x00000000e6600000, 0x00000000e6600000| Untracked 
| 103|0x00000000e6700000, 0x00000000e6700000, 0x00000000e6800000|  0%| F|  |TAMS 0x00000000e6700000, 0x00000000e6700000| Untracked 
| 104|0x00000000e6800000, 0x00000000e6800000, 0x00000000e6900000|  0%| F|  |TAMS 0x00000000e6800000, 0x00000000e6800000| Untracked 
| 105|0x00000000e6900000, 0x00000000e6900000, 0x00000000e6a00000|  0%| F|  |TAMS 0x00000000e6900000, 0x00000000e6900000| Untracked 
| 106|0x00000000e6a00000, 0x00000000e6a00000, 0x00000000e6b00000|  0%| F|  |TAMS 0x00000000e6a00000, 0x00000000e6a00000| Untracked 
| 107|0x00000000e6b00000, 0x00000000e6b00000, 0x00000000e6c00000|  0%| F|  |TAMS 0x00000000e6b00000, 0x00000000e6b00000| Untracked 
| 108|0x00000000e6c00000, 0x00000000e6c00000, 0x00000000e6d00000|  0%| F|  |TAMS 0x00000000e6c00000, 0x00000000e6c00000| Untracked 
| 109|0x00000000e6d00000, 0x00000000e6d00000, 0x00000000e6e00000|  0%| F|  |TAMS 0x00000000e6d00000, 0x00000000e6d00000| Untracked 
| 110|0x00000000e6e00000, 0x00000000e6e00000, 0x00000000e6f00000|  0%| F|  |TAMS 0x00000000e6e00000, 0x00000000e6e00000| Untracked 
| 111|0x00000000e6f00000, 0x00000000e6f00000, 0x00000000e7000000|  0%| F|  |TAMS 0x00000000e6f00000, 0x00000000e6f00000| Untracked 
| 112|0x00000000e7000000, 0x00000000e7000000, 0x00000000e7100000|  0%| F|  |TAMS 0x00000000e7000000, 0x00000000e7000000| Untracked 
| 113|0x00000000e7100000, 0x00000000e7100000, 0x00000000e7200000|  0%| F|  |TAMS 0x00000000e7100000, 0x00000000e7100000| Untracked 
| 114|0x00000000e7200000, 0x00000000e7200000, 0x00000000e7300000|  0%| F|  |TAMS 0x00000000e7200000, 0x00000000e7200000| Untracked 
| 115|0x00000000e7300000, 0x00000000e7300000, 0x00000000e7400000|  0%| F|  |TAMS 0x00000000e7300000, 0x00000000e7300000| Untracked 
| 116|0x00000000e7400000, 0x00000000e7400000, 0x00000000e7500000|  0%| F|  |TAMS 0x00000000e7400000, 0x00000000e7400000| Untracked 
| 117|0x00000000e7500000, 0x00000000e7500000, 0x00000000e7600000|  0%| F|  |TAMS 0x00000000e7500000, 0x00000000e7500000| Untracked 
| 118|0x00000000e7600000, 0x00000000e7600000, 0x00000000e7700000|  0%| F|  |TAMS 0x00000000e7600000, 0x00000000e7600000| Untracked 
| 119|0x00000000e7700000, 0x00000000e7700000, 0x00000000e7800000|  0%| F|  |TAMS 0x00000000e7700000, 0x00000000e7700000| Untracked 
| 120|0x00000000e7800000, 0x00000000e7800000, 0x00000000e7900000|  0%| F|  |TAMS 0x00000000e7800000, 0x00000000e7800000| Untracked 
| 121|0x00000000e7900000, 0x00000000e7900000, 0x00000000e7a00000|  0%| F|  |TAMS 0x00000000e7900000, 0x00000000e7900000| Untracked 
| 122|0x00000000e7a00000, 0x00000000e7a00000, 0x00000000e7b00000|  0%| F|  |TAMS 0x00000000e7a00000, 0x00000000e7a00000| Untracked 
| 123|0x00000000e7b00000, 0x00000000e7b00000, 0x00000000e7c00000|  0%| F|  |TAMS 0x00000000e7b00000, 0x00000000e7b00000| Untracked 
| 124|0x00000000e7c00000, 0x00000000e7c00000, 0x00000000e7d00000|  0%| F|  |TAMS 0x00000000e7c00000, 0x00000000e7c00000| Untracked 
| 125|0x00000000e7d00000, 0x00000000e7e00000, 0x00000000e7e00000|100%| S|CS|TAMS 0x00000000e7d00000, 0x00000000e7d00000| Complete 
| 126|0x00000000e7e00000, 0x00000000e7f00000, 0x00000000e7f00000|100%| S|CS|TAMS 0x00000000e7e00000, 0x00000000e7e00000| Complete 
| 127|0x00000000e7f00000, 0x00000000e8000000, 0x00000000e8000000|100%| S|CS|TAMS 0x00000000e7f00000, 0x00000000e7f00000| Complete 
| 128|0x00000000e8000000, 0x00000000e8100000, 0x00000000e8100000|100%| S|CS|TAMS 0x00000000e8000000, 0x00000000e8000000| Complete 
| 129|0x00000000e8100000, 0x00000000e8200000, 0x00000000e8200000|100%| S|CS|TAMS 0x00000000e8100000, 0x00000000e8100000| Complete 
| 130|0x00000000e8200000, 0x00000000e8300000, 0x00000000e8300000|100%| S|CS|TAMS 0x00000000e8200000, 0x00000000e8200000| Complete 
| 131|0x00000000e8300000, 0x00000000e8400000, 0x00000000e8400000|100%| S|CS|TAMS 0x00000000e8300000, 0x00000000e8300000| Complete 
| 132|0x00000000e8400000, 0x00000000e8500000, 0x00000000e8500000|100%| S|CS|TAMS 0x00000000e8400000, 0x00000000e8400000| Complete 
| 133|0x00000000e8500000, 0x00000000e8600000, 0x00000000e8600000|100%| S|CS|TAMS 0x00000000e8500000, 0x00000000e8500000| Complete 
| 134|0x00000000e8600000, 0x00000000e8700000, 0x00000000e8700000|100%| S|CS|TAMS 0x00000000e8600000, 0x00000000e8600000| Complete 
| 135|0x00000000e8700000, 0x00000000e8800000, 0x00000000e8800000|100%| S|CS|TAMS 0x00000000e8700000, 0x00000000e8700000| Complete 
| 136|0x00000000e8800000, 0x00000000e8900000, 0x00000000e8900000|100%| S|CS|TAMS 0x00000000e8800000, 0x00000000e8800000| Complete 
| 137|0x00000000e8900000, 0x00000000e8a00000, 0x00000000e8a00000|100%| S|CS|TAMS 0x00000000e8900000, 0x00000000e8900000| Complete 
| 138|0x00000000e8a00000, 0x00000000e8b00000, 0x00000000e8b00000|100%| S|CS|TAMS 0x00000000e8a00000, 0x00000000e8a00000| Complete 
| 139|0x00000000e8b00000, 0x00000000e8c00000, 0x00000000e8c00000|100%| S|CS|TAMS 0x00000000e8b00000, 0x00000000e8b00000| Complete 
| 140|0x00000000e8c00000, 0x00000000e8d00000, 0x00000000e8d00000|100%| S|CS|TAMS 0x00000000e8c00000, 0x00000000e8c00000| Complete 
| 141|0x00000000e8d00000, 0x00000000e8e00000, 0x00000000e8e00000|100%| S|CS|TAMS 0x00000000e8d00000, 0x00000000e8d00000| Complete 
| 142|0x00000000e8e00000, 0x00000000e8e00000, 0x00000000e8f00000|  0%| F|  |TAMS 0x00000000e8e00000, 0x00000000e8e00000| Untracked 
| 143|0x00000000e8f00000, 0x00000000e8f00000, 0x00000000e9000000|  0%| F|  |TAMS 0x00000000e8f00000, 0x00000000e8f00000| Untracked 
| 144|0x00000000e9000000, 0x00000000e9000000, 0x00000000e9100000|  0%| F|  |TAMS 0x00000000e9000000, 0x00000000e9000000| Untracked 
| 145|0x00000000e9100000, 0x00000000e9100000, 0x00000000e9200000|  0%| F|  |TAMS 0x00000000e9100000, 0x00000000e9100000| Untracked 
| 146|0x00000000e9200000, 0x00000000e9200000, 0x00000000e9300000|  0%| F|  |TAMS 0x00000000e9200000, 0x00000000e9200000| Untracked 
| 147|0x00000000e9300000, 0x00000000e9300000, 0x00000000e9400000|  0%| F|  |TAMS 0x00000000e9300000, 0x00000000e9300000| Untracked 
| 148|0x00000000e9400000, 0x00000000e9400000, 0x00000000e9500000|  0%| F|  |TAMS 0x00000000e9400000, 0x00000000e9400000| Untracked 
| 149|0x00000000e9500000, 0x00000000e9500000, 0x00000000e9600000|  0%| F|  |TAMS 0x00000000e9500000, 0x00000000e9500000| Untracked 
| 150|0x00000000e9600000, 0x00000000e9600000, 0x00000000e9700000|  0%| F|  |TAMS 0x00000000e9600000, 0x00000000e9600000| Untracked 
| 151|0x00000000e9700000, 0x00000000e9700000, 0x00000000e9800000|  0%| F|  |TAMS 0x00000000e9700000, 0x00000000e9700000| Untracked 
| 152|0x00000000e9800000, 0x00000000e9800000, 0x00000000e9900000|  0%| F|  |TAMS 0x00000000e9800000, 0x00000000e9800000| Untracked 
| 153|0x00000000e9900000, 0x00000000e9900000, 0x00000000e9a00000|  0%| F|  |TAMS 0x00000000e9900000, 0x00000000e9900000| Untracked 
| 154|0x00000000e9a00000, 0x00000000e9a00000, 0x00000000e9b00000|  0%| F|  |TAMS 0x00000000e9a00000, 0x00000000e9a00000| Untracked 
| 155|0x00000000e9b00000, 0x00000000e9b00000, 0x00000000e9c00000|  0%| F|  |TAMS 0x00000000e9b00000, 0x00000000e9b00000| Untracked 
| 156|0x00000000e9c00000, 0x00000000e9c00000, 0x00000000e9d00000|  0%| F|  |TAMS 0x00000000e9c00000, 0x00000000e9c00000| Untracked 
| 157|0x00000000e9d00000, 0x00000000e9d00000, 0x00000000e9e00000|  0%| F|  |TAMS 0x00000000e9d00000, 0x00000000e9d00000| Untracked 
| 158|0x00000000e9e00000, 0x00000000e9e00000, 0x00000000e9f00000|  0%| F|  |TAMS 0x00000000e9e00000, 0x00000000e9e00000| Untracked 
| 159|0x00000000e9f00000, 0x00000000e9f00000, 0x00000000ea000000|  0%| F|  |TAMS 0x00000000e9f00000, 0x00000000e9f00000| Untracked 
| 160|0x00000000ea000000, 0x00000000ea000000, 0x00000000ea100000|  0%| F|  |TAMS 0x00000000ea000000, 0x00000000ea000000| Untracked 
| 161|0x00000000ea100000, 0x00000000ea100000, 0x00000000ea200000|  0%| F|  |TAMS 0x00000000ea100000, 0x00000000ea100000| Untracked 
| 162|0x00000000ea200000, 0x00000000ea200000, 0x00000000ea300000|  0%| F|  |TAMS 0x00000000ea200000, 0x00000000ea200000| Untracked 
| 163|0x00000000ea300000, 0x00000000ea300000, 0x00000000ea400000|  0%| F|  |TAMS 0x00000000ea300000, 0x00000000ea300000| Untracked 
| 164|0x00000000ea400000, 0x00000000ea400000, 0x00000000ea500000|  0%| F|  |TAMS 0x00000000ea400000, 0x00000000ea400000| Untracked 
| 165|0x00000000ea500000, 0x00000000ea500000, 0x00000000ea600000|  0%| F|  |TAMS 0x00000000ea500000, 0x00000000ea500000| Untracked 
| 166|0x00000000ea600000, 0x00000000ea600000, 0x00000000ea700000|  0%| F|  |TAMS 0x00000000ea600000, 0x00000000ea600000| Untracked 
| 167|0x00000000ea700000, 0x00000000ea700000, 0x00000000ea800000|  0%| F|  |TAMS 0x00000000ea700000, 0x00000000ea700000| Untracked 
| 168|0x00000000ea800000, 0x00000000ea800000, 0x00000000ea900000|  0%| F|  |TAMS 0x00000000ea800000, 0x00000000ea800000| Untracked 
| 169|0x00000000ea900000, 0x00000000ea900000, 0x00000000eaa00000|  0%| F|  |TAMS 0x00000000ea900000, 0x00000000ea900000| Untracked 
| 170|0x00000000eaa00000, 0x00000000eaa00000, 0x00000000eab00000|  0%| F|  |TAMS 0x00000000eaa00000, 0x00000000eaa00000| Untracked 
| 171|0x00000000eab00000, 0x00000000eab00000, 0x00000000eac00000|  0%| F|  |TAMS 0x00000000eab00000, 0x00000000eab00000| Untracked 
| 172|0x00000000eac00000, 0x00000000eac00000, 0x00000000ead00000|  0%| F|  |TAMS 0x00000000eac00000, 0x00000000eac00000| Untracked 
| 173|0x00000000ead00000, 0x00000000ead00000, 0x00000000eae00000|  0%| F|  |TAMS 0x00000000ead00000, 0x00000000ead00000| Untracked 
| 174|0x00000000eae00000, 0x00000000eae00000, 0x00000000eaf00000|  0%| F|  |TAMS 0x00000000eae00000, 0x00000000eae00000| Untracked 
| 175|0x00000000eaf00000, 0x00000000eaf00000, 0x00000000eb000000|  0%| F|  |TAMS 0x00000000eaf00000, 0x00000000eaf00000| Untracked 
| 176|0x00000000eb000000, 0x00000000eb000000, 0x00000000eb100000|  0%| F|  |TAMS 0x00000000eb000000, 0x00000000eb000000| Untracked 
| 177|0x00000000eb100000, 0x00000000eb100000, 0x00000000eb200000|  0%| F|  |TAMS 0x00000000eb100000, 0x00000000eb100000| Untracked 
| 178|0x00000000eb200000, 0x00000000eb200000, 0x00000000eb300000|  0%| F|  |TAMS 0x00000000eb200000, 0x00000000eb200000| Untracked 
| 179|0x00000000eb300000, 0x00000000eb300000, 0x00000000eb400000|  0%| F|  |TAMS 0x00000000eb300000, 0x00000000eb300000| Untracked 
| 180|0x00000000eb400000, 0x00000000eb400000, 0x00000000eb500000|  0%| F|  |TAMS 0x00000000eb400000, 0x00000000eb400000| Untracked 
| 181|0x00000000eb500000, 0x00000000eb500000, 0x00000000eb600000|  0%| F|  |TAMS 0x00000000eb500000, 0x00000000eb500000| Untracked 
| 182|0x00000000eb600000, 0x00000000eb600000, 0x00000000eb700000|  0%| F|  |TAMS 0x00000000eb600000, 0x00000000eb600000| Untracked 
| 183|0x00000000eb700000, 0x00000000eb700000, 0x00000000eb800000|  0%| F|  |TAMS 0x00000000eb700000, 0x00000000eb700000| Untracked 
| 184|0x00000000eb800000, 0x00000000eb800000, 0x00000000eb900000|  0%| F|  |TAMS 0x00000000eb800000, 0x00000000eb800000| Untracked 
| 185|0x00000000eb900000, 0x00000000eb900000, 0x00000000eba00000|  0%| F|  |TAMS 0x00000000eb900000, 0x00000000eb900000| Untracked 
| 186|0x00000000eba00000, 0x00000000eba00000, 0x00000000ebb00000|  0%| F|  |TAMS 0x00000000eba00000, 0x00000000eba00000| Untracked 
| 187|0x00000000ebb00000, 0x00000000ebb00000, 0x00000000ebc00000|  0%| F|  |TAMS 0x00000000ebb00000, 0x00000000ebb00000| Untracked 
| 188|0x00000000ebc00000, 0x00000000ebc00000, 0x00000000ebd00000|  0%| F|  |TAMS 0x00000000ebc00000, 0x00000000ebc00000| Untracked 
| 189|0x00000000ebd00000, 0x00000000ebd00000, 0x00000000ebe00000|  0%| F|  |TAMS 0x00000000ebd00000, 0x00000000ebd00000| Untracked 
| 190|0x00000000ebe00000, 0x00000000ebe00000, 0x00000000ebf00000|  0%| F|  |TAMS 0x00000000ebe00000, 0x00000000ebe00000| Untracked 
| 191|0x00000000ebf00000, 0x00000000ebf00000, 0x00000000ec000000|  0%| F|  |TAMS 0x00000000ebf00000, 0x00000000ebf00000| Untracked 
| 192|0x00000000ec000000, 0x00000000ec000000, 0x00000000ec100000|  0%| F|  |TAMS 0x00000000ec000000, 0x00000000ec000000| Untracked 
| 193|0x00000000ec100000, 0x00000000ec100000, 0x00000000ec200000|  0%| F|  |TAMS 0x00000000ec100000, 0x00000000ec100000| Untracked 
| 194|0x00000000ec200000, 0x00000000ec200000, 0x00000000ec300000|  0%| F|  |TAMS 0x00000000ec200000, 0x00000000ec200000| Untracked 
| 195|0x00000000ec300000, 0x00000000ec300000, 0x00000000ec400000|  0%| F|  |TAMS 0x00000000ec300000, 0x00000000ec300000| Untracked 
| 196|0x00000000ec400000, 0x00000000ec400000, 0x00000000ec500000|  0%| F|  |TAMS 0x00000000ec400000, 0x00000000ec400000| Untracked 
| 197|0x00000000ec500000, 0x00000000ec500000, 0x00000000ec600000|  0%| F|  |TAMS 0x00000000ec500000, 0x00000000ec500000| Untracked 
| 198|0x00000000ec600000, 0x00000000ec600000, 0x00000000ec700000|  0%| F|  |TAMS 0x00000000ec600000, 0x00000000ec600000| Untracked 
| 199|0x00000000ec700000, 0x00000000ec700000, 0x00000000ec800000|  0%| F|  |TAMS 0x00000000ec700000, 0x00000000ec700000| Untracked 
| 200|0x00000000ec800000, 0x00000000ec800000, 0x00000000ec900000|  0%| F|  |TAMS 0x00000000ec800000, 0x00000000ec800000| Untracked 
| 201|0x00000000ec900000, 0x00000000ec900000, 0x00000000eca00000|  0%| F|  |TAMS 0x00000000ec900000, 0x00000000ec900000| Untracked 
| 202|0x00000000eca00000, 0x00000000eca00000, 0x00000000ecb00000|  0%| F|  |TAMS 0x00000000eca00000, 0x00000000eca00000| Untracked 
| 203|0x00000000ecb00000, 0x00000000ecb00000, 0x00000000ecc00000|  0%| F|  |TAMS 0x00000000ecb00000, 0x00000000ecb00000| Untracked 
| 204|0x00000000ecc00000, 0x00000000ecc00000, 0x00000000ecd00000|  0%| F|  |TAMS 0x00000000ecc00000, 0x00000000ecc00000| Untracked 
| 205|0x00000000ecd00000, 0x00000000ecd00000, 0x00000000ece00000|  0%| F|  |TAMS 0x00000000ecd00000, 0x00000000ecd00000| Untracked 
| 206|0x00000000ece00000, 0x00000000ece00000, 0x00000000ecf00000|  0%| F|  |TAMS 0x00000000ece00000, 0x00000000ece00000| Untracked 
| 207|0x00000000ecf00000, 0x00000000ecf00000, 0x00000000ed000000|  0%| F|  |TAMS 0x00000000ecf00000, 0x00000000ecf00000| Untracked 
| 208|0x00000000ed000000, 0x00000000ed000000, 0x00000000ed100000|  0%| F|  |TAMS 0x00000000ed000000, 0x00000000ed000000| Untracked 
| 209|0x00000000ed100000, 0x00000000ed100000, 0x00000000ed200000|  0%| F|  |TAMS 0x00000000ed100000, 0x00000000ed100000| Untracked 
| 210|0x00000000ed200000, 0x00000000ed200000, 0x00000000ed300000|  0%| F|  |TAMS 0x00000000ed200000, 0x00000000ed200000| Untracked 
| 211|0x00000000ed300000, 0x00000000ed300000, 0x00000000ed400000|  0%| F|  |TAMS 0x00000000ed300000, 0x00000000ed300000| Untracked 
| 212|0x00000000ed400000, 0x00000000ed400000, 0x00000000ed500000|  0%| F|  |TAMS 0x00000000ed400000, 0x00000000ed400000| Untracked 
| 213|0x00000000ed500000, 0x00000000ed500000, 0x00000000ed600000|  0%| F|  |TAMS 0x00000000ed500000, 0x00000000ed500000| Untracked 
| 214|0x00000000ed600000, 0x00000000ed600000, 0x00000000ed700000|  0%| F|  |TAMS 0x00000000ed600000, 0x00000000ed600000| Untracked 
| 215|0x00000000ed700000, 0x00000000ed700000, 0x00000000ed800000|  0%| F|  |TAMS 0x00000000ed700000, 0x00000000ed700000| Untracked 
| 216|0x00000000ed800000, 0x00000000ed800000, 0x00000000ed900000|  0%| F|  |TAMS 0x00000000ed800000, 0x00000000ed800000| Untracked 
| 217|0x00000000ed900000, 0x00000000ed900000, 0x00000000eda00000|  0%| F|  |TAMS 0x00000000ed900000, 0x00000000ed900000| Untracked 
| 218|0x00000000eda00000, 0x00000000eda00000, 0x00000000edb00000|  0%| F|  |TAMS 0x00000000eda00000, 0x00000000eda00000| Untracked 
| 219|0x00000000edb00000, 0x00000000edb00000, 0x00000000edc00000|  0%| F|  |TAMS 0x00000000edb00000, 0x00000000edb00000| Untracked 
| 220|0x00000000edc00000, 0x00000000edd00000, 0x00000000edd00000|100%| E|  |TAMS 0x00000000edc00000, 0x00000000edc00000| Complete 
| 221|0x00000000edd00000, 0x00000000ede00000, 0x00000000ede00000|100%| E|CS|TAMS 0x00000000edd00000, 0x00000000edd00000| Complete 
| 222|0x00000000ede00000, 0x00000000edf00000, 0x00000000edf00000|100%| E|CS|TAMS 0x00000000ede00000, 0x00000000ede00000| Complete 
| 223|0x00000000edf00000, 0x00000000ee000000, 0x00000000ee000000|100%| E|CS|TAMS 0x00000000edf00000, 0x00000000edf00000| Complete 
| 224|0x00000000ee000000, 0x00000000ee100000, 0x00000000ee100000|100%| E|CS|TAMS 0x00000000ee000000, 0x00000000ee000000| Complete 
| 225|0x00000000ee100000, 0x00000000ee200000, 0x00000000ee200000|100%| E|CS|TAMS 0x00000000ee100000, 0x00000000ee100000| Complete 
| 226|0x00000000ee200000, 0x00000000ee300000, 0x00000000ee300000|100%| E|CS|TAMS 0x00000000ee200000, 0x00000000ee200000| Complete 
| 227|0x00000000ee300000, 0x00000000ee400000, 0x00000000ee400000|100%| E|CS|TAMS 0x00000000ee300000, 0x00000000ee300000| Complete 
| 228|0x00000000ee400000, 0x00000000ee500000, 0x00000000ee500000|100%| E|CS|TAMS 0x00000000ee400000, 0x00000000ee400000| Complete 
| 229|0x00000000ee500000, 0x00000000ee600000, 0x00000000ee600000|100%| E|CS|TAMS 0x00000000ee500000, 0x00000000ee500000| Complete 
| 230|0x00000000ee600000, 0x00000000ee700000, 0x00000000ee700000|100%| E|CS|TAMS 0x00000000ee600000, 0x00000000ee600000| Complete 
| 231|0x00000000ee700000, 0x00000000ee800000, 0x00000000ee800000|100%| E|CS|TAMS 0x00000000ee700000, 0x00000000ee700000| Complete 
| 232|0x00000000ee800000, 0x00000000ee900000, 0x00000000ee900000|100%| E|CS|TAMS 0x00000000ee800000, 0x00000000ee800000| Complete 
| 233|0x00000000ee900000, 0x00000000eea00000, 0x00000000eea00000|100%| E|CS|TAMS 0x00000000ee900000, 0x00000000ee900000| Complete 
| 234|0x00000000eea00000, 0x00000000eeb00000, 0x00000000eeb00000|100%| E|CS|TAMS 0x00000000eea00000, 0x00000000eea00000| Complete 
| 235|0x00000000eeb00000, 0x00000000eec00000, 0x00000000eec00000|100%| E|CS|TAMS 0x00000000eeb00000, 0x00000000eeb00000| Complete 
| 236|0x00000000eec00000, 0x00000000eed00000, 0x00000000eed00000|100%| E|CS|TAMS 0x00000000eec00000, 0x00000000eec00000| Complete 
| 237|0x00000000eed00000, 0x00000000eee00000, 0x00000000eee00000|100%| E|CS|TAMS 0x00000000eed00000, 0x00000000eed00000| Complete 
| 238|0x00000000eee00000, 0x00000000eef00000, 0x00000000eef00000|100%| E|CS|TAMS 0x00000000eee00000, 0x00000000eee00000| Complete 
| 239|0x00000000eef00000, 0x00000000ef000000, 0x00000000ef000000|100%| E|CS|TAMS 0x00000000eef00000, 0x00000000eef00000| Complete 
| 240|0x00000000ef000000, 0x00000000ef100000, 0x00000000ef100000|100%| E|CS|TAMS 0x00000000ef000000, 0x00000000ef000000| Complete 
| 241|0x00000000ef100000, 0x00000000ef200000, 0x00000000ef200000|100%| E|CS|TAMS 0x00000000ef100000, 0x00000000ef100000| Complete 
| 242|0x00000000ef200000, 0x00000000ef300000, 0x00000000ef300000|100%| E|CS|TAMS 0x00000000ef200000, 0x00000000ef200000| Complete 
| 243|0x00000000ef300000, 0x00000000ef400000, 0x00000000ef400000|100%| E|CS|TAMS 0x00000000ef300000, 0x00000000ef300000| Complete 
| 244|0x00000000ef400000, 0x00000000ef500000, 0x00000000ef500000|100%| E|CS|TAMS 0x00000000ef400000, 0x00000000ef400000| Complete 
| 245|0x00000000ef500000, 0x00000000ef600000, 0x00000000ef600000|100%| E|CS|TAMS 0x00000000ef500000, 0x00000000ef500000| Complete 
| 246|0x00000000ef600000, 0x00000000ef700000, 0x00000000ef700000|100%| E|CS|TAMS 0x00000000ef600000, 0x00000000ef600000| Complete 
| 247|0x00000000ef700000, 0x00000000ef800000, 0x00000000ef800000|100%| E|CS|TAMS 0x00000000ef700000, 0x00000000ef700000| Complete 
| 248|0x00000000ef800000, 0x00000000ef900000, 0x00000000ef900000|100%| E|CS|TAMS 0x00000000ef800000, 0x00000000ef800000| Complete 
| 249|0x00000000ef900000, 0x00000000efa00000, 0x00000000efa00000|100%| E|CS|TAMS 0x00000000ef900000, 0x00000000ef900000| Complete 
| 250|0x00000000efa00000, 0x00000000efb00000, 0x00000000efb00000|100%| E|CS|TAMS 0x00000000efa00000, 0x00000000efa00000| Complete 
| 251|0x00000000efb00000, 0x00000000efc00000, 0x00000000efc00000|100%| E|CS|TAMS 0x00000000efb00000, 0x00000000efb00000| Complete 
| 252|0x00000000efc00000, 0x00000000efd00000, 0x00000000efd00000|100%| E|CS|TAMS 0x00000000efc00000, 0x00000000efc00000| Complete 
| 253|0x00000000efd00000, 0x00000000efe00000, 0x00000000efe00000|100%| E|CS|TAMS 0x00000000efd00000, 0x00000000efd00000| Complete 
| 254|0x00000000efe00000, 0x00000000eff00000, 0x00000000eff00000|100%| E|CS|TAMS 0x00000000efe00000, 0x00000000efe00000| Complete 
| 255|0x00000000eff00000, 0x00000000f0000000, 0x00000000f0000000|100%| E|CS|TAMS 0x00000000eff00000, 0x00000000eff00000| Complete 

Card table byte_map: [0x000000001a9c0000,0x000000001aac0000] _byte_map_base: 0x000000001a2c0000

Marking Bits (Prev, Next): (CMBitMap*) 0x00000000001bc468, (CMBitMap*) 0x00000000001bc428
 Prev Bits: [0x000000001b3c0000, 0x000000001bbc0000)
 Next Bits: [0x000000001abc0000, 0x000000001b3c0000)

Polling page: 0x00000000022e0000

Metaspace:

Usage:
  Non-class:     51.15 MB capacity,    49.85 MB ( 97%) used,     1.12 MB (  2%) free+waste,   175.25 KB ( <1%) overhead. 
      Class:      8.50 MB capacity,     7.71 MB ( 91%) used,   714.06 KB (  8%) free+waste,    85.88 KB ( <1%) overhead. 
       Both:     59.64 MB capacity,    57.57 MB ( 97%) used,     1.82 MB (  3%) free+waste,   261.13 KB ( <1%) overhead. 

Virtual space:
  Non-class space:       52.00 MB reserved,      51.25 MB ( 99%) committed 
      Class space:      248.00 MB reserved,       8.57 MB (  3%) committed 
             Both:      300.00 MB reserved,      59.83 MB ( 20%) committed 

Chunk freelists:
   Non-Class:  27.00 KB
       Class:  5.00 KB
        Both:  32.00 KB

MaxMetaspaceSize: 256.00 MB
CompressedClassSpaceSize: 248.00 MB

CodeHeap 'non-profiled nmethods': size=120000Kb used=4408Kb max_used=4408Kb free=115592Kb
 bounds [0x0000000012d30000, 0x0000000013180000, 0x000000001a260000]
CodeHeap 'profiled nmethods': size=120000Kb used=17202Kb max_used=17202Kb free=102797Kb
 bounds [0x000000000b800000, 0x000000000c8d0000, 0x0000000012d30000]
CodeHeap 'non-nmethods': size=5760Kb used=2375Kb max_used=2425Kb free=3384Kb
 bounds [0x000000000b260000, 0x000000000b4d0000, 0x000000000b800000]
 total_blobs=8635 nmethods=7776 adapters=770
 compilation: enabled
              stopped_count=0, restarted_count=0
 full_count=0

Compilation events (20 events):
Event: 524.843 Thread 0x000000001eda8000 8539       3       org.gradle.internal.concurrent.CompositeStoppable::stoppable (12 bytes)
Event: 524.844 Thread 0x000000001eda8000 nmethod 8539 0x000000000c8b5c10 code [0x000000000c8b5e20, 0x000000000c8b6778]
Event: 524.849 Thread 0x000000001eda8000 8540       3       java.util.concurrent.SynchronousQueue$TransferStack::transfer (380 bytes)
Event: 524.863 Thread 0x000000001eda8000 nmethod 8540 0x000000000c8b6b10 code [0x000000000c8b7800, 0x000000000c8bfe98]
Event: 524.863 Thread 0x000000001eda8000 8543 %     3       org.apache.commons.io.FilenameUtils::doNormalize @ 290 (534 bytes)
Event: 524.865 Thread 0x000000001eda8000 nmethod 8543% 0x000000000c8c2490 code [0x000000000c8c2800, 0x000000000c8c4428]
Event: 524.865 Thread 0x000000001eda8000 8542       3       org.gradle.internal.service.DefaultServiceRegistry$OwnServices::getFactory (307 bytes)
Event: 524.868 Thread 0x000000001eda8000 nmethod 8542 0x000000000c8c4d10 code [0x000000000c8c5260, 0x000000000c8c8538]
Event: 524.868 Thread 0x000000001eda8000 8544       3       org.gradle.api.internal.artifacts.ivyservice.resolveengine.graph.builder.NodeState$$Lambda$279/0x00000008010a3840::apply (12 bytes)
Event: 524.869 Thread 0x000000001eda8000 nmethod 8544 0x000000000c8c9390 code [0x000000000c8c9560, 0x000000000c8c9a38]
Event: 524.869 Thread 0x000000001eda8000 8545       3       org.gradle.api.internal.artifacts.ivyservice.resolveengine.graph.builder.NodeState::createDependencyState (16 bytes)
Event: 524.869 Thread 0x000000001eda8000 nmethod 8545 0x000000000c8c9c10 code [0x000000000c8c9de0, 0x000000000c8ca138]
Event: 524.869 Thread 0x000000001eda8000 8546       3       org.gradle.api.internal.artifacts.ivyservice.resolveengine.graph.builder.DependencyState::<init> (14 bytes)
Event: 524.869 Thread 0x000000001eda8000 nmethod 8546 0x000000000c8ca290 code [0x000000000c8ca480, 0x000000000c8caaa8]
Event: 524.870 Thread 0x000000001eda8000 8547       3       org.gradle.api.internal.artifacts.ivyservice.resolveengine.graph.builder.DependencyState::computeHashCode (23 bytes)
Event: 524.870 Thread 0x000000001eda8000 nmethod 8547 0x000000000c8cac90 code [0x000000000c8cae40, 0x000000000c8cb118]
Event: 524.870 Thread 0x000000001eda8000 8548       3       org.gradle.api.internal.artifacts.ivyservice.resolveengine.graph.builder.NodeState::isExcluded (95 bytes)
Event: 524.871 Thread 0x000000001eda8000 nmethod 8548 0x000000000c8cb210 code [0x000000000c8cb480, 0x000000000c8cc1c8]
Event: 524.871 Thread 0x000000001eda8000 8541       3       java.lang.Module::<init> (25 bytes)
Event: 524.871 Thread 0x000000001eda8000 nmethod 8541 0x000000000c8cc690 code [0x000000000c8cc840, 0x000000000c8ccab8]

GC Heap History (12 events):
Event: 0.492 GC heap before
{Heap before GC invocations=0 (full 0):
 garbage-first heap   total 262144K, used 28672K [0x00000000e0000000, 0x0000000100000000)
  region size 1024K, 23 young (23552K), 0 survivors (0K)
 Metaspace       used 3865K, capacity 6653K, committed 6784K, reserved 262144K
  class space    used 511K, capacity 771K, committed 896K, reserved 253952K
}
Event: 0.496 GC heap after
{Heap after GC invocations=1 (full 0):
 garbage-first heap   total 262144K, used 8998K [0x00000000e0000000, 0x0000000100000000)
  region size 1024K, 3 young (3072K), 3 survivors (3072K)
 Metaspace       used 3865K, capacity 6653K, committed 6784K, reserved 262144K
  class space    used 511K, capacity 771K, committed 896K, reserved 253952K
}
Event: 0.711 GC heap before
{Heap before GC invocations=1 (full 0):
 garbage-first heap   total 262144K, used 35622K [0x00000000e0000000, 0x0000000100000000)
  region size 1024K, 30 young (30720K), 3 survivors (3072K)
 Metaspace       used 4060K, capacity 6654K, committed 6784K, reserved 262144K
  class space    used 514K, capacity 771K, committed 896K, reserved 253952K
}
Event: 0.716 GC heap after
{Heap after GC invocations=2 (full 0):
 garbage-first heap   total 262144K, used 12603K [0x00000000e0000000, 0x0000000100000000)
  region size 1024K, 4 young (4096K), 4 survivors (4096K)
 Metaspace       used 4060K, capacity 6654K, committed 6784K, reserved 262144K
  class space    used 514K, capacity 771K, committed 896K, reserved 253952K
}
Event: 2.311 GC heap before
{Heap before GC invocations=2 (full 0):
 garbage-first heap   total 262144K, used 131387K [0x00000000e0000000, 0x0000000100000000)
  region size 1024K, 120 young (122880K), 4 survivors (4096K)
 Metaspace       used 20588K, capacity 21198K, committed 21296K, reserved 272384K
  class space    used 3011K, capacity 3199K, committed 3200K, reserved 253952K
}
Event: 2.320 GC heap after
{Heap after GC invocations=3 (full 0):
 garbage-first heap   total 262144K, used 18129K [0x00000000e0000000, 0x0000000100000000)
  region size 1024K, 10 young (10240K), 10 survivors (10240K)
 Metaspace       used 20588K, capacity 21198K, committed 21296K, reserved 272384K
  class space    used 3011K, capacity 3199K, committed 3200K, reserved 253952K
}
Event: 3.971 GC heap before
{Heap before GC invocations=4 (full 0):
 garbage-first heap   total 262144K, used 119505K [0x00000000e0000000, 0x0000000100000000)
  region size 1024K, 108 young (110592K), 10 survivors (10240K)
 Metaspace       used 34945K, capacity 35865K, committed 35964K, reserved 286720K
  class space    used 4664K, capacity 4991K, committed 5068K, reserved 253952K
}
Event: 3.982 GC heap after
{Heap after GC invocations=5 (full 0):
 garbage-first heap   total 262144K, used 25155K [0x00000000e0000000, 0x0000000100000000)
  region size 1024K, 17 young (17408K), 17 survivors (17408K)
 Metaspace       used 34945K, capacity 35865K, committed 35964K, reserved 286720K
  class space    used 4664K, capacity 4991K, committed 5068K, reserved 253952K
}
Event: 5.625 GC heap before
{Heap before GC invocations=6 (full 0):
 garbage-first heap   total 262144K, used 164419K [0x00000000e0000000, 0x0000000100000000)
  region size 1024K, 153 young (156672K), 17 survivors (17408K)
 Metaspace       used 44896K, capacity 46310K, committed 46460K, reserved 294912K
  class space    used 6238K, capacity 6747K, committed 6860K, reserved 253952K
}
Event: 5.650 GC heap after
{Heap after GC invocations=7 (full 0):
 garbage-first heap   total 262144K, used 35668K [0x00000000e0000000, 0x0000000100000000)
  region size 1024K, 18 young (18432K), 18 survivors (18432K)
 Metaspace       used 44896K, capacity 46310K, committed 46460K, reserved 294912K
  class space    used 6238K, capacity 6747K, committed 6860K, reserved 253952K
}
Event: 264.376 GC heap before
{Heap before GC invocations=7 (full 0):
 garbage-first heap   total 262144K, used 151380K [0x00000000e0000000, 0x0000000100000000)
  region size 1024K, 132 young (135168K), 18 survivors (18432K)
 Metaspace       used 58285K, capacity 60295K, committed 60368K, reserved 307200K
  class space    used 7842K, capacity 8624K, committed 8652K, reserved 253952K
}
Event: 264.394 GC heap after
{Heap after GC invocations=8 (full 0):
 garbage-first heap   total 262144K, used 42085K [0x00000000e0000000, 0x0000000100000000)
  region size 1024K, 17 young (17408K), 17 survivors (17408K)
 Metaspace       used 58285K, capacity 60295K, committed 60368K, reserved 307200K
  class space    used 7842K, capacity 8624K, committed 8652K, reserved 253952K
}

Deoptimization events (20 events):
Event: 524.506 Thread 0x00000000227bd800 Uncommon trap: trap_request=0xffffffc6 fr.pc=0x0000000013141e54 relative=0x0000000000000314
Event: 524.506 Thread 0x00000000227bd800 Uncommon trap: reason=bimorphic_or_optimized_type_check action=maybe_recompile pc=0x0000000013141e54 method=java.util.stream.ReferencePipeline$Head.forEach(Ljava/util/function/Consumer;)V @ 12 c2
Event: 524.506 Thread 0x00000000227bd800 DEOPT PACKING pc=0x0000000013141e54 sp=0x00000000242a7ac0
Event: 524.506 Thread 0x00000000227bd800 DEOPT UNPACKING pc=0x000000000b2a912f sp=0x00000000242a7a98 mode 2
Event: 524.506 Thread 0x00000000227bd800 Uncommon trap: trap_request=0xffffffc6 fr.pc=0x0000000013141e54 relative=0x0000000000000314
Event: 524.506 Thread 0x00000000227bd800 Uncommon trap: reason=bimorphic_or_optimized_type_check action=maybe_recompile pc=0x0000000013141e54 method=java.util.stream.ReferencePipeline$Head.forEach(Ljava/util/function/Consumer;)V @ 12 c2
Event: 524.506 Thread 0x00000000227bd800 DEOPT PACKING pc=0x0000000013141e54 sp=0x00000000242a7570
Event: 524.506 Thread 0x00000000227bd800 DEOPT UNPACKING pc=0x000000000b2a912f sp=0x00000000242a7548 mode 2
Event: 524.528 Thread 0x00000000227bd800 DEOPT PACKING pc=0x000000000c2378ba sp=0x00000000242a7340
Event: 524.528 Thread 0x00000000227bd800 DEOPT UNPACKING pc=0x000000000b2a964e sp=0x00000000242a6838 mode 0
Event: 524.529 Thread 0x00000000227bd800 DEOPT PACKING pc=0x000000000c22fbf6 sp=0x00000000242a72a0
Event: 524.529 Thread 0x00000000227bd800 DEOPT UNPACKING pc=0x000000000b2a964e sp=0x00000000242a6838 mode 0
Event: 524.530 Thread 0x00000000227bd800 DEOPT PACKING pc=0x000000000c22fbf6 sp=0x00000000242a72a0
Event: 524.530 Thread 0x00000000227bd800 DEOPT UNPACKING pc=0x000000000b2a964e sp=0x00000000242a6838 mode 0
Event: 524.622 Thread 0x000000002366b800 DEOPT PACKING pc=0x000000000c528d54 sp=0x000000002d54d760
Event: 524.622 Thread 0x000000002366b800 DEOPT UNPACKING pc=0x000000000b2a964e sp=0x000000002d54cd00 mode 0
Event: 524.642 Thread 0x000000002076f000 Uncommon trap: trap_request=0xffffff45 fr.pc=0x00000000130faabc relative=0x00000000000007dc
Event: 524.642 Thread 0x000000002076f000 Uncommon trap: reason=unstable_if action=reinterpret pc=0x00000000130faabc method=org.apache.commons.io.FilenameUtils.doNormalize(Ljava/lang/String;CZ)Ljava/lang/String; @ 219 c2
Event: 524.642 Thread 0x000000002076f000 DEOPT PACKING pc=0x00000000130faabc sp=0x000000002978cac0
Event: 524.642 Thread 0x000000002076f000 DEOPT UNPACKING pc=0x000000000b2a912f sp=0x000000002978ca58 mode 2

Classes unloaded (0 events):
No events

Classes redefined (0 events):
No events

Internal exceptions (20 events):
Event: 524.485 Thread 0x00000000227bd800 Exception <a 'java/lang/ClassNotFoundException'{0x00000000ee82d9a0}: org/gradle/api/internal/tasks/DefaultTaskContainerCustomizer> (0x00000000ee82d9a0) 
thrown [./open/src/hotspot/share/classfile/systemDictionary.cpp, line 226]
Event: 524.488 Thread 0x00000000227bd800 Exception <a 'java/lang/ClassNotFoundException'{0x00000000ee892618}: org/gradle/api/internal/tasks/DefaultTaskContainer_DecoratedCustomizer> (0x00000000ee892618) 
thrown [./open/src/hotspot/share/classfile/systemDictionary.cpp, line 226]
Event: 524.513 Thread 0x00000000227bd800 Exception <a 'java/lang/ClassNotFoundException'{0x00000000ee6b1200}: org/gradle/api/tasks/JavaExec_DecoratedBeanInfo> (0x00000000ee6b1200) 
thrown [./open/src/hotspot/share/classfile/systemDictionary.cpp, line 226]
Event: 524.513 Thread 0x00000000227bd800 Exception <a 'java/lang/ClassNotFoundException'{0x00000000ee6c2b38}: org/gradle/api/tasks/JavaExecBeanInfo> (0x00000000ee6c2b38) 
thrown [./open/src/hotspot/share/classfile/systemDictionary.cpp, line 226]
Event: 524.513 Thread 0x00000000227bd800 Exception <a 'java/lang/ClassNotFoundException'{0x00000000ee6d44a0}: org/gradle/api/tasks/JavaExecCustomizer> (0x00000000ee6d44a0) 
thrown [./open/src/hotspot/share/classfile/systemDictionary.cpp, line 226]
Event: 524.517 Thread 0x00000000227bd800 Exception <a 'java/lang/ClassNotFoundException'{0x00000000ee5341a8}: org/gradle/api/tasks/JavaExec_DecoratedCustomizer> (0x00000000ee5341a8) 
thrown [./open/src/hotspot/share/classfile/systemDictionary.cpp, line 226]
Event: 524.532 Thread 0x00000000227bd800 Exception <a 'java/lang/ClassNotFoundException'{0x00000000ee3f1ed0}: org/gradle/api/internal/tasks/DefaultSourceSetContainer_DecoratedBeanInfo> (0x00000000ee3f1ed0) 
thrown [./open/src/hotspot/share/classfile/systemDictionary.cpp, line 226]
Event: 524.532 Thread 0x00000000227bd800 Exception <a 'java/lang/ClassNotFoundException'{0x00000000ee2105a0}: org/gradle/api/internal/tasks/DefaultSourceSetContainerBeanInfo> (0x00000000ee2105a0) 
thrown [./open/src/hotspot/share/classfile/systemDictionary.cpp, line 226]
Event: 524.533 Thread 0x00000000227bd800 Exception <a 'java/lang/ClassNotFoundException'{0x00000000ee226540}: org/gradle/api/internal/AbstractValidatingNamedDomainObjectContainerBeanInfo> (0x00000000ee226540) 
thrown [./open/src/hotspot/share/classfile/systemDictionary.cpp, line 226]
Event: 524.533 Thread 0x00000000227bd800 Exception <a 'java/lang/ClassNotFoundException'{0x00000000ee23aed0}: org/gradle/api/internal/AbstractNamedDomainObjectContainerBeanInfo> (0x00000000ee23aed0) 
thrown [./open/src/hotspot/share/classfile/systemDictionary.cpp, line 226]
Event: 524.534 Thread 0x00000000227bd800 Exception <a 'java/lang/ClassNotFoundException'{0x00000000ee250418}: org/gradle/api/internal/AbstractNamedDomainObjectContainerCustomizer> (0x00000000ee250418) 
thrown [./open/src/hotspot/share/classfile/systemDictionary.cpp, line 226]
Event: 524.536 Thread 0x00000000227bd800 Exception <a 'java/lang/ClassNotFoundException'{0x00000000ee278c90}: org/gradle/api/internal/AbstractValidatingNamedDomainObjectContainerCustomizer> (0x00000000ee278c90) 
thrown [./open/src/hotspot/share/classfile/systemDictionary.cpp, line 226]
Event: 524.538 Thread 0x00000000227bd800 Exception <a 'java/lang/ClassNotFoundException'{0x00000000ee2a1f68}: org/gradle/api/internal/tasks/DefaultSourceSetContainerCustomizer> (0x00000000ee2a1f68) 
thrown [./open/src/hotspot/share/classfile/systemDictionary.cpp, line 226]
Event: 524.540 Thread 0x00000000227bd800 Exception <a 'java/lang/ClassNotFoundException'{0x00000000ee2ce728}: org/gradle/api/internal/tasks/DefaultSourceSetContainer_DecoratedCustomizer> (0x00000000ee2ce728) 
thrown [./open/src/hotspot/share/classfile/systemDictionary.cpp, line 226]
Event: 524.548 Thread 0x00000000227bd800 Exception <a 'java/lang/ClassNotFoundException'{0x00000000ee165750}: org/gradle/api/internal/tasks/DefaultSourceSet_DecoratedBeanInfo> (0x00000000ee165750) 
thrown [./open/src/hotspot/share/classfile/systemDictionary.cpp, line 226]
Event: 524.549 Thread 0x00000000227bd800 Exception <a 'java/lang/ClassNotFoundException'{0x00000000ee183218}: org/gradle/api/internal/tasks/DefaultSourceSetBeanInfo> (0x00000000ee183218) 
thrown [./open/src/hotspot/share/classfile/systemDictionary.cpp, line 226]
Event: 524.549 Thread 0x00000000227bd800 Exception <a 'java/lang/ClassNotFoundException'{0x00000000ee1a0ce0}: org/gradle/api/internal/tasks/DefaultSourceSetCustomizer> (0x00000000ee1a0ce0) 
thrown [./open/src/hotspot/share/classfile/systemDictionary.cpp, line 226]
Event: 524.551 Thread 0x00000000227bd800 Exception <a 'java/lang/ClassNotFoundException'{0x00000000ee1e0508}: org/gradle/api/internal/tasks/DefaultSourceSet_DecoratedCustomizer> (0x00000000ee1e0508) 
thrown [./open/src/hotspot/share/classfile/systemDictionary.cpp, line 226]
Event: 524.557 Thread 0x00000000227bd800 Exception <a 'java/lang/ClassNotFoundException'{0x00000000ee043318}: java/lang/SystemBeanInfo> (0x00000000ee043318) 
thrown [./open/src/hotspot/share/classfile/systemDictionary.cpp, line 226]
Event: 524.557 Thread 0x00000000227bd800 Exception <a 'java/lang/ClassNotFoundException'{0x00000000ee04b9d0}: java/lang/SystemCustomizer> (0x00000000ee04b9d0) 
thrown [./open/src/hotspot/share/classfile/systemDictionary.cpp, line 226]

Events (20 events):
Event: 524.637 Executing VM operation: HandshakeOneThread
Event: 524.637 Executing VM operation: HandshakeOneThread done
Event: 524.637 Executing VM operation: HandshakeOneThread
Event: 524.637 Executing VM operation: HandshakeOneThread done
Event: 524.637 Executing VM operation: HandshakeOneThread
Event: 524.637 Executing VM operation: HandshakeOneThread done
Event: 524.637 Executing VM operation: HandshakeOneThread
Event: 524.637 Executing VM operation: HandshakeOneThread done
Event: 524.637 Executing VM operation: HandshakeOneThread
Event: 524.637 Executing VM operation: HandshakeOneThread done
Event: 524.637 Executing VM operation: BulkRevokeBias
Event: 524.639 Executing VM operation: BulkRevokeBias done
Event: 524.643 loading class java/util/ArrayList$SubList$1
Event: 524.643 loading class java/util/ArrayList$SubList$1 done
Event: 524.644 Thread 0x00000000239a2800 Thread added: 0x00000000239a2800
Event: 524.670 Thread 0x00000000239a3800 Thread added: 0x00000000239a3800
Event: 524.670 Thread 0x00000000239a4800 Thread added: 0x00000000239a4800
Event: 524.843 Thread 0x000000002076a800 Thread exited: 0x000000002076a800
Event: 524.887 Thread 0x000000002076a800 Thread added: 0x000000002076a800
Event: 524.887 Thread 0x00000000239a5000 Thread added: 0x00000000239a5000


Dynamic libraries:
0x000000013f870000 - 0x000000013f87d000 	C:\Users\User\.jdks\openjdk-14.0.2\bin\java.exe
0x0000000077650000 - 0x00000000777ef000 	C:\Windows\SYSTEM32\ntdll.dll
0x0000000077530000 - 0x000000007764f000 	C:\Windows\system32\kernel32.dll
0x000007fefd420000 - 0x000007fefd48a000 	C:\Windows\system32\KERNELBASE.dll
0x000007fef4640000 - 0x000007fef4658000 	C:\Users\User\.jdks\openjdk-14.0.2\bin\jli.dll
0x000007fefb650000 - 0x000007fefb844000 	C:\Windows\WinSxS\amd64_microsoft.windows.common-controls_6595b64144ccf1df_6.0.7601.18837_none_fa3b1e3d17594757\COMCTL32.dll
0x000007fefd730000 - 0x000007fefd7cf000 	C:\Windows\system32\msvcrt.dll
0x000007fefd6c0000 - 0x000007fefd727000 	C:\Windows\system32\GDI32.dll
0x0000000077430000 - 0x000000007752a000 	C:\Windows\system32\USER32.dll
0x000007feff900000 - 0x000007feff90e000 	C:\Windows\system32\LPK.dll
0x000007feff760000 - 0x000007feff82b000 	C:\Windows\system32\USP10.dll
0x000007fefeb00000 - 0x000007fefeb71000 	C:\Windows\system32\SHLWAPI.dll
0x000007fef4530000 - 0x000007fef4545000 	C:\Users\User\.jdks\openjdk-14.0.2\bin\VCRUNTIME140.dll
0x000007fef5210000 - 0x000007fef5214000 	C:\Users\User\.jdks\openjdk-14.0.2\bin\api-ms-win-crt-runtime-l1-1-0.dll
0x000007fee9270000 - 0x000007fee936c000 	C:\Users\User\.jdks\openjdk-14.0.2\bin\ucrtbase.DLL
0x000007fef51c0000 - 0x000007fef51c3000 	C:\Users\User\.jdks\openjdk-14.0.2\bin\api-ms-win-core-localization-l1-2-0.dll
0x000007fef4630000 - 0x000007fef4633000 	C:\Users\User\.jdks\openjdk-14.0.2\bin\api-ms-win-core-processthreads-l1-1-1.dll
0x000007fef35a0000 - 0x000007fef35a3000 	C:\Users\User\.jdks\openjdk-14.0.2\bin\api-ms-win-core-file-l1-2-0.dll
0x000007fef3590000 - 0x000007fef3593000 	C:\Users\User\.jdks\openjdk-14.0.2\bin\api-ms-win-core-timezone-l1-1-0.dll
0x000007fef30e0000 - 0x000007fef30e3000 	C:\Users\User\.jdks\openjdk-14.0.2\bin\api-ms-win-core-file-l2-1-0.dll
0x000007fef1e90000 - 0x000007fef1e93000 	C:\Users\User\.jdks\openjdk-14.0.2\bin\api-ms-win-core-synch-l1-2-0.dll
0x000007fef1e80000 - 0x000007fef1e83000 	C:\Users\User\.jdks\openjdk-14.0.2\bin\api-ms-win-crt-heap-l1-1-0.dll
0x000007fef1e70000 - 0x000007fef1e74000 	C:\Users\User\.jdks\openjdk-14.0.2\bin\api-ms-win-crt-string-l1-1-0.dll
0x000007fef1e60000 - 0x000007fef1e64000 	C:\Users\User\.jdks\openjdk-14.0.2\bin\api-ms-win-crt-stdio-l1-1-0.dll
0x000007fef1e50000 - 0x000007fef1e54000 	C:\Users\User\.jdks\openjdk-14.0.2\bin\api-ms-win-crt-convert-l1-1-0.dll
0x000007fef1e40000 - 0x000007fef1e43000 	C:\Users\User\.jdks\openjdk-14.0.2\bin\api-ms-win-crt-environment-l1-1-0.dll
0x000007fef1e30000 - 0x000007fef1e33000 	C:\Users\User\.jdks\openjdk-14.0.2\bin\api-ms-win-crt-filesystem-l1-1-0.dll
0x000007fef1e20000 - 0x000007fef1e25000 	C:\Users\User\.jdks\openjdk-14.0.2\bin\api-ms-win-crt-math-l1-1-0.dll
0x000007fef1e10000 - 0x000007fef1e13000 	C:\Users\User\.jdks\openjdk-14.0.2\bin\api-ms-win-crt-locale-l1-1-0.dll
0x000007feff8d0000 - 0x000007feff8fe000 	C:\Windows\system32\IMM32.DLL
0x000007feff0d0000 - 0x000007feff1d9000 	C:\Windows\system32\MSCTF.dll
0x000007fefd230000 - 0x000007fefd260000 	C:\Windows\system32\nvinitx.dll
0x000007fefd220000 - 0x000007fefd22c000 	C:\Windows\system32\VERSION.dll
0x000007fefea20000 - 0x000007fefeafb000 	C:\Windows\system32\ADVAPI32.dll
0x000007fefe5b0000 - 0x000007fefe5cf000 	C:\Windows\SYSTEM32\sechost.dll
0x000007feff1e0000 - 0x000007feff30d000 	C:\Windows\system32\RPCRT4.dll
0x0000000073890000 - 0x0000000073896000 	C:\Program Files\NVIDIA Corporation\CoProcManager\detoured.dll
0x000007fef9620000 - 0x000007fef9658000 	C:\Program Files\NVIDIA Corporation\CoProcManager\nvd3d9wrapx.dll
0x000007feff580000 - 0x000007feff757000 	C:\Windows\system32\SETUPAPI.dll
0x000007fefd620000 - 0x000007fefd656000 	C:\Windows\system32\CFGMGR32.dll
0x000007feff4a0000 - 0x000007feff57a000 	C:\Windows\system32\OLEAUT32.dll
0x000007fefeb80000 - 0x000007fefed7d000 	C:\Windows\system32\ole32.dll
0x000007fefd600000 - 0x000007fefd61a000 	C:\Windows\system32\DEVOBJ.dll
0x000007fef95f0000 - 0x000007fef9614000 	C:\Program Files\NVIDIA Corporation\CoProcManager\nvdxgiwrapx.dll
0x000007fee89b0000 - 0x000007fee8a4b000 	C:\Users\User\.jdks\openjdk-14.0.2\bin\msvcp140.dll
0x000007fef1e00000 - 0x000007fef1e03000 	C:\Users\User\.jdks\openjdk-14.0.2\bin\api-ms-win-crt-time-l1-1-0.dll
0x000007fef18c0000 - 0x000007fef18c3000 	C:\Users\User\.jdks\openjdk-14.0.2\bin\api-ms-win-crt-utility-l1-1-0.dll
0x000007fee7ab0000 - 0x000007fee85ce000 	C:\Users\User\.jdks\openjdk-14.0.2\bin\server\jvm.dll
0x000007fef4460000 - 0x000007fef4469000 	C:\Windows\system32\WSOCK32.dll
0x000007fefe560000 - 0x000007fefe5ad000 	C:\Windows\system32\WS2_32.dll
0x000007fefd6b0000 - 0x000007fefd6b8000 	C:\Windows\system32\NSI.dll
0x000007fef7f10000 - 0x000007fef7f4b000 	C:\Windows\system32\WINMM.dll
0x00000000777f0000 - 0x00000000777f7000 	C:\Windows\system32\PSAPI.DLL
0x000007fef18b0000 - 0x000007fef18ba000 	C:\Users\User\.jdks\openjdk-14.0.2\bin\jimage.dll
0x000007feefc20000 - 0x000007feefd45000 	C:\Windows\system32\DBGHELP.DLL
0x000007feeb120000 - 0x000007feeb145000 	C:\Users\User\.jdks\openjdk-14.0.2\bin\java.dll
0x000007fee9c60000 - 0x000007fee9c76000 	C:\Users\User\.jdks\openjdk-14.0.2\bin\zip.dll
0x000007fefd7d0000 - 0x000007fefe55b000 	C:\Windows\system32\SHELL32.dll
0x000007fefd300000 - 0x000007fefd30f000 	C:\Windows\system32\profapi.dll
0x000007fee9c20000 - 0x000007fee9c39000 	C:\Users\User\.jdks\openjdk-14.0.2\bin\net.dll
0x000007fef62c0000 - 0x000007fef6331000 	C:\Windows\system32\WINHTTP.dll
0x000007fef6250000 - 0x000007fef62b5000 	C:\Windows\system32\webio.dll
0x000007fefca80000 - 0x000007fefcad5000 	C:\Windows\system32\mswsock.dll
0x000007fefca70000 - 0x000007fefca77000 	C:\Windows\System32\wship6.dll
0x000007fee9c40000 - 0x000007fee9c52000 	C:\Users\User\.jdks\openjdk-14.0.2\bin\nio.dll
0x000007fee9c10000 - 0x000007fee9c20000 	C:\Users\User\.jdks\openjdk-14.0.2\bin\verify.dll
0x000007fef4660000 - 0x000007fef4687000 	C:\Users\User\.gradle\native\c976cfcca226fdd4bee4412e95191dd41148b7504f9625baeda1d523bc39a967\windows-amd64\native-platform.dll
0x000007feeb070000 - 0x000007feeb079000 	C:\Users\User\.jdks\openjdk-14.0.2\bin\management.dll
0x000007fee9c00000 - 0x000007fee9c0b000 	C:\Users\User\.jdks\openjdk-14.0.2\bin\management_ext.dll
0x000007fefcae0000 - 0x000007fefcaf8000 	C:\Windows\system32\CRYPTSP.dll
0x000007fefc7e0000 - 0x000007fefc827000 	C:\Windows\system32\rsaenh.dll
0x000007fefd680000 - 0x000007fefd69e000 	C:\Windows\system32\USERENV.dll
0x000007fefd150000 - 0x000007fefd15f000 	C:\Windows\system32\CRYPTBASE.dll
0x000007fefa740000 - 0x000007fefa767000 	C:\Windows\system32\IPHLPAPI.DLL
0x000007fefa730000 - 0x000007fefa73b000 	C:\Windows\system32\WINNSI.DLL
0x000007fefa540000 - 0x000007fefa558000 	C:\Windows\system32\dhcpcsvc.DLL
0x000007fefa520000 - 0x000007fefa531000 	C:\Windows\system32\dhcpcsvc6.DLL
0x000007fefd0f0000 - 0x000007fefd147000 	C:\Windows\system32\apphelp.dll

dbghelp: loaded successfully - version: 4.0.5 - missing functions: none
symbol engine: initialized successfully - sym options: 0x614 - pdb path: .;C:\Users\User\.jdks\openjdk-14.0.2\bin;C:\Windows\SYSTEM32;C:\Windows\WinSxS\amd64_microsoft.windows.common-controls_6595b64144ccf1df_6.0.7601.18837_none_fa3b1e3d17594757;C:\Program Files\NVIDIA Corporation\CoProcManager;C:\Users\User\.jdks\openjdk-14.0.2\bin\server;C:\Users\User\.gradle\native\c976cfcca226fdd4bee4412e95191dd41148b7504f9625baeda1d523bc39a967\windows-amd64

VM Arguments:
jvm_args: --add-opens=java.base/java.util=ALL-UNNAMED --add-opens=java.base/java.lang=ALL-UNNAMED --add-opens=java.base/java.lang.invoke=ALL-UNNAMED --add-opens=java.prefs/java.util.prefs=ALL-UNNAMED -XX:MaxMetaspaceSize=256m -XX:+HeapDumpOnOutOfMemoryError -Xms256m -Xmx512m -Dfile.encoding=windows-1251 -Duser.country=RU -Duser.language=ru -Duser.variant 
java_command: org.gradle.launcher.daemon.bootstrap.GradleDaemon 6.3
java_class_path (initial): C:\Users\User\.gradle\wrapper\dists\gradle-6.3-bin\8tpu6egwsccjzp10c1jckl0rx\gradle-6.3\lib\gradle-launcher-6.3.jar
Launcher Type: SUN_STANDARD

[Global flags]
     intx CICompilerCount                          = 4                                         {product} {ergonomic}
   size_t CompressedClassSpaceSize                 = 260046848                                 {product} {ergonomic}
     uint ConcGCThreads                            = 2                                         {product} {ergonomic}
     uint G1ConcRefinementThreads                  = 8                                         {product} {ergonomic}
   size_t G1HeapRegionSize                         = 1048576                                   {product} {ergonomic}
    uintx GCDrainStackTargetSize                   = 64                                        {product} {ergonomic}
     bool HeapDumpOnOutOfMemoryError               = true                                   {manageable} {command line}
   size_t InitialHeapSize                          = 268435456                                 {product} {command line}
   size_t MarkStackSize                            = 4194304                                   {product} {ergonomic}
   size_t MaxHeapSize                              = 536870912                                 {product} {command line}
   size_t MaxMetaspaceSize                         = 268435456                                 {product} {command line}
   size_t MaxNewSize                               = 321912832                                 {product} {ergonomic}
   size_t MinHeapDeltaBytes                        = 1048576                                   {product} {ergonomic}
   size_t MinHeapSize                              = 268435456                                 {product} {command line}
    uintx NonNMethodCodeHeapSize                   = 5839372                                {pd product} {ergonomic}
    uintx NonProfiledCodeHeapSize                  = 122909434                              {pd product} {ergonomic}
    uintx ProfiledCodeHeapSize                     = 122909434                              {pd product} {ergonomic}
    uintx ReservedCodeCacheSize                    = 251658240                              {pd product} {ergonomic}
     bool SegmentedCodeCache                       = true                                      {product} {ergonomic}
   size_t SoftMaxHeapSize                          = 536870912                              {manageable} {ergonomic}
     bool UseCompressedClassPointers               = true                                 {lp64_product} {ergonomic}
     bool UseCompressedOops                        = true                                 {lp64_product} {ergonomic}
     bool UseG1GC                                  = true                                      {product} {ergonomic}
     bool UseLargePagesIndividualAllocation        = false                                  {pd product} {ergonomic}

Logging:
Log output configuration:
 #0: stdout all=warning uptime,level,tags
 #1: stderr all=off uptime,level,tags

Environment Variables:
PATH=C:\Program Files\Common Files\Microsoft Shared\Windows Live;C:\Program Files (x86)\Intel\iCLS Client\;C:\Program Files\Intel\iCLS Client\;C:\Windows\system32;C:\Windows;C:\Windows\System32\Wbem;C:\Windows\System32\WindowsPowerShell\v1.0\;C:\Program Files\Intel\Intel(R) Management Engine Components\DAL;C:\Program Files\Intel\Intel(R) Management Engine Components\IPT;C:\Program Files (x86)\Intel\Intel(R) Management Engine Components\DAL;C:\Program Files (x86)\Intel\Intel(R) Management Engine Components\IPT;C:\Program Files (x86)\Intel\OpenCL SDK\2.0\bin\x86;C:\Program Files (x86)\Intel\OpenCL SDK\2.0\bin\x64;C:\Program Files (x86)\NVIDIA Corporation\PhysX\Common;C:\Program Files\Git\cmd;C:\Program Files\Common Files\Microsoft Shared\Windows Live
USERNAME=User
OS=Windows_NT
PROCESSOR_IDENTIFIER=Intel64 Family 6 Model 58 Stepping 9, GenuineIntel



---------------  S Y S T E M  ---------------

OS: Windows 7 , 64 bit Build 7601 (6.1.7601.24117)
OS uptime: 0 days 3:07 hours

CPU:total 8 (initial active 8) (4 cores per cpu, 2 threads per core) family 6 model 58 stepping 9, cmov, cx8, fxsr, mmx, sse, sse2, sse3, ssse3, sse4.1, sse4.2, popcnt, avx, aes, clmul, erms, ht, tsc, tscinvbit, tscinv

Memory: 4k page, system-wide physical 8072M (1949M free)
TotalPageFile size 16144M (AvailPageFile size 8379M)
current process WorkingSet (physical memory assigned to process): 416M, peak: 418M
current process commit charge ("private bytes"): 518M, peak: 521M

vm_info: OpenJDK 64-Bit Server VM (14.0.2+12-46) for windows-amd64 JRE (14.0.2+12-46), built on Jul  9 2020 00:31:16 by "mach5one" with MS VC++ 15.9 (VS2017)

END.
